Calling target program-options parser
Adding interface s1-eth1 as port 1
[07:21:42.964] [bmv2] [D] [thread 5829] Adding interface s1-eth1 as port 1
Adding interface s1-eth2 as port 2
[07:21:42.990] [bmv2] [D] [thread 5829] Adding interface s1-eth2 as port 2
I0723 07:21:43.018437419    5829 server_builder.cc:247]      Synchronous server. Num CQs: 1, Min pollers: 1, Max Pollers: 2147483647, CQ timeout (msec): 1000
Server listening on 0.0.0.0:50051
Thrift server was started
New connection
P4Runtime SetForwardingPipelineConfig
[07:21:44.599] [bmv2] [D] [thread 5877] Set default default entry for table 'IngressProcess.estd_client': NoAction - 
[07:21:44.599] [bmv2] [D] [thread 5877] Set default default entry for table 'IngressProcess.wait_client': NoAction - 
[07:21:44.599] [bmv2] [D] [thread 5877] Set default default entry for table 'IngressProcess.nack_client': NoAction - 
[07:21:44.599] [bmv2] [D] [thread 5883] [0.0] [cxt 0] Processing packet received on port 1
[07:21:44.599] [bmv2] [D] [thread 5883] [0.0] [cxt 0] Parser 'parser': start
[07:21:44.599] [bmv2] [D] [thread 5883] [0.0] [cxt 0] Parser 'parser' entering state 'start'
[07:21:44.599] [bmv2] [D] [thread 5883] [0.0] [cxt 0] Extracting header 'ethernet'
[07:21:44.599] [bmv2] [D] [thread 5883] [0.0] [cxt 0] Parser state 'start': key is 86dd
[07:21:44.599] [bmv2] [T] [thread 5883] [0.0] [cxt 0] Bytes parsed: 14
[07:21:44.599] [bmv2] [T] [thread 5883] [0.0] [cxt 0] Skipping checksum 'cksum' verification because target field invalid
[07:21:44.599] [bmv2] [D] [thread 5883] [0.0] [cxt 0] Parser 'parser': end
[07:21:44.599] [bmv2] [D] [thread 5883] [0.0] [cxt 0] Pipeline 'ingress': start
[07:21:44.599] [bmv2] [T] [thread 5883] [0.0] [cxt 0] ip-source-guard.p4(147) Condition "hdr.ipv4.isValid()" (node_2) is false
[07:21:44.599] [bmv2] [D] [thread 5883] [0.0] [cxt 0] Pipeline 'ingress': end
[07:21:44.599] [bmv2] [D] [thread 5883] [0.0] [cxt 0] Egress port is 0
[07:21:44.599] [bmv2] [D] [thread 5883] [1.0] [cxt 0] Processing packet received on port 2
[07:21:44.599] [bmv2] [D] [thread 5883] [1.0] [cxt 0] Parser 'parser': start
[07:21:44.599] [bmv2] [D] [thread 5883] [1.0] [cxt 0] Parser 'parser' entering state 'start'
[07:21:44.599] [bmv2] [D] [thread 5883] [1.0] [cxt 0] Extracting header 'ethernet'
[07:21:44.599] [bmv2] [D] [thread 5883] [1.0] [cxt 0] Parser state 'start': key is 86dd
[07:21:44.599] [bmv2] [T] [thread 5883] [1.0] [cxt 0] Bytes parsed: 14
[07:21:44.599] [bmv2] [T] [thread 5883] [1.0] [cxt 0] Skipping checksum 'cksum' verification because target field invalid
[07:21:44.599] [bmv2] [D] [thread 5883] [1.0] [cxt 0] Parser 'parser': end
[07:21:44.599] [bmv2] [D] [thread 5883] [1.0] [cxt 0] Pipeline 'ingress': start
[07:21:44.599] [bmv2] [T] [thread 5883] [1.0] [cxt 0] ip-source-guard.p4(147) Condition "hdr.ipv4.isValid()" (node_2) is false
[07:21:44.599] [bmv2] [D] [thread 5883] [1.0] [cxt 0] Pipeline 'ingress': end
[07:21:44.599] [bmv2] [D] [thread 5883] [1.0] [cxt 0] Egress port is 0
[07:21:44.599] [bmv2] [D] [thread 5883] [2.0] [cxt 0] Processing packet received on port 1
[07:21:44.599] [bmv2] [D] [thread 5883] [2.0] [cxt 0] Parser 'parser': start
[07:21:44.599] [bmv2] [D] [thread 5883] [2.0] [cxt 0] Parser 'parser' entering state 'start'
[07:21:44.599] [bmv2] [D] [thread 5883] [2.0] [cxt 0] Extracting header 'ethernet'
[07:21:44.599] [bmv2] [D] [thread 5883] [2.0] [cxt 0] Parser state 'start': key is 86dd
[07:21:44.599] [bmv2] [T] [thread 5883] [2.0] [cxt 0] Bytes parsed: 14
[07:21:44.599] [bmv2] [T] [thread 5883] [2.0] [cxt 0] Skipping checksum 'cksum' verification because target field invalid
[07:21:44.599] [bmv2] [D] [thread 5883] [2.0] [cxt 0] Parser 'parser': end
[07:21:44.599] [bmv2] [D] [thread 5883] [2.0] [cxt 0] Pipeline 'ingress': start
[07:21:44.599] [bmv2] [T] [thread 5883] [2.0] [cxt 0] ip-source-guard.p4(147) Condition "hdr.ipv4.isValid()" (node_2) is false
[07:21:44.599] [bmv2] [D] [thread 5883] [2.0] [cxt 0] Pipeline 'ingress': end
[07:21:44.599] [bmv2] [D] [thread 5883] [2.0] [cxt 0] Egress port is 0
[07:21:44.599] [bmv2] [D] [thread 5883] [3.0] [cxt 0] Processing packet received on port 2
[07:21:44.599] [bmv2] [D] [thread 5883] [3.0] [cxt 0] Parser 'parser': start
[07:21:44.599] [bmv2] [D] [thread 5883] [3.0] [cxt 0] Parser 'parser' entering state 'start'
[07:21:44.599] [bmv2] [D] [thread 5883] [3.0] [cxt 0] Extracting header 'ethernet'
[07:21:44.599] [bmv2] [D] [thread 5883] [3.0] [cxt 0] Parser state 'start': key is 86dd
[07:21:44.599] [bmv2] [T] [thread 5883] [3.0] [cxt 0] Bytes parsed: 14
[07:21:44.599] [bmv2] [T] [thread 5883] [3.0] [cxt 0] Skipping checksum 'cksum' verification because target field invalid
[07:21:44.599] [bmv2] [D] [thread 5883] [3.0] [cxt 0] Parser 'parser': end
[07:21:44.599] [bmv2] [D] [thread 5883] [3.0] [cxt 0] Pipeline 'ingress': start
[07:21:44.599] [bmv2] [T] [thread 5883] [3.0] [cxt 0] ip-source-guard.p4(147) Condition "hdr.ipv4.isValid()" (node_2) is false
[07:21:44.599] [bmv2] [D] [thread 5883] [3.0] [cxt 0] Pipeline 'ingress': end
[07:21:44.599] [bmv2] [D] [thread 5883] [3.0] [cxt 0] Egress port is 0
[07:21:44.599] [bmv2] [D] [thread 5883] [4.0] [cxt 0] Processing packet received on port 1
[07:21:44.599] [bmv2] [D] [thread 5883] [4.0] [cxt 0] Parser 'parser': start
[07:21:44.599] [bmv2] [D] [thread 5883] [4.0] [cxt 0] Parser 'parser' entering state 'start'
[07:21:44.599] [bmv2] [D] [thread 5883] [4.0] [cxt 0] Extracting header 'ethernet'
[07:21:44.599] [bmv2] [D] [thread 5883] [4.0] [cxt 0] Parser state 'start': key is 86dd
[07:21:44.599] [bmv2] [T] [thread 5883] [4.0] [cxt 0] Bytes parsed: 14
[07:21:44.599] [bmv2] [T] [thread 5883] [4.0] [cxt 0] Skipping checksum 'cksum' verification because target field invalid
[07:21:44.599] [bmv2] [D] [thread 5883] [4.0] [cxt 0] Parser 'parser': end
[07:21:44.599] [bmv2] [D] [thread 5883] [4.0] [cxt 0] Pipeline 'ingress': start
[07:21:44.599] [bmv2] [T] [thread 5883] [4.0] [cxt 0] ip-source-guard.p4(147) Condition "hdr.ipv4.isValid()" (node_2) is false
[07:21:44.599] [bmv2] [D] [thread 5883] [4.0] [cxt 0] Pipeline 'ingress': end
[07:21:44.599] [bmv2] [D] [thread 5883] [4.0] [cxt 0] Egress port is 0
[07:21:44.599] [bmv2] [D] [thread 5883] [5.0] [cxt 0] Processing packet received on port 2
[07:21:44.599] [bmv2] [D] [thread 5883] [5.0] [cxt 0] Parser 'parser': start
[07:21:44.599] [bmv2] [D] [thread 5883] [5.0] [cxt 0] Parser 'parser' entering state 'start'
[07:21:44.599] [bmv2] [D] [thread 5883] [5.0] [cxt 0] Extracting header 'ethernet'
[07:21:44.599] [bmv2] [D] [thread 5883] [5.0] [cxt 0] Parser state 'start': key is 86dd
[07:21:44.599] [bmv2] [T] [thread 5883] [5.0] [cxt 0] Bytes parsed: 14
[07:21:44.599] [bmv2] [T] [thread 5883] [5.0] [cxt 0] Skipping checksum 'cksum' verification because target field invalid
[07:21:44.599] [bmv2] [D] [thread 5883] [5.0] [cxt 0] Parser 'parser': end
[07:21:44.599] [bmv2] [D] [thread 5883] [5.0] [cxt 0] Pipeline 'ingress': start
[07:21:44.599] [bmv2] [T] [thread 5883] [5.0] [cxt 0] ip-source-guard.p4(147) Condition "hdr.ipv4.isValid()" (node_2) is false
[07:21:44.599] [bmv2] [D] [thread 5883] [5.0] [cxt 0] Pipeline 'ingress': end
[07:21:44.599] [bmv2] [D] [thread 5883] [5.0] [cxt 0] Egress port is 0
[07:21:44.599] [bmv2] [D] [thread 5883] [6.0] [cxt 0] Processing packet received on port 1
[07:21:44.599] [bmv2] [D] [thread 5883] [6.0] [cxt 0] Parser 'parser': start
[07:21:44.599] [bmv2] [D] [thread 5883] [6.0] [cxt 0] Parser 'parser' entering state 'start'
[07:21:44.599] [bmv2] [D] [thread 5883] [6.0] [cxt 0] Extracting header 'ethernet'
[07:21:44.599] [bmv2] [D] [thread 5883] [6.0] [cxt 0] Parser state 'start': key is 86dd
[07:21:44.599] [bmv2] [T] [thread 5883] [6.0] [cxt 0] Bytes parsed: 14
[07:21:44.599] [bmv2] [T] [thread 5883] [6.0] [cxt 0] Skipping checksum 'cksum' verification because target field invalid
[07:21:44.599] [bmv2] [D] [thread 5883] [6.0] [cxt 0] Parser 'parser': end
[07:21:44.599] [bmv2] [D] [thread 5883] [6.0] [cxt 0] Pipeline 'ingress': start
[07:21:44.599] [bmv2] [T] [thread 5883] [6.0] [cxt 0] ip-source-guard.p4(147) Condition "hdr.ipv4.isValid()" (node_2) is false
[07:21:44.599] [bmv2] [D] [thread 5883] [6.0] [cxt 0] Pipeline 'ingress': end
[07:21:44.599] [bmv2] [D] [thread 5883] [6.0] [cxt 0] Egress port is 0
[07:21:44.599] [bmv2] [D] [thread 5883] [7.0] [cxt 0] Processing packet received on port 2
[07:21:44.599] [bmv2] [D] [thread 5883] [7.0] [cxt 0] Parser 'parser': start
[07:21:44.599] [bmv2] [D] [thread 5883] [7.0] [cxt 0] Parser 'parser' entering state 'start'
[07:21:44.599] [bmv2] [D] [thread 5883] [7.0] [cxt 0] Extracting header 'ethernet'
[07:21:44.599] [bmv2] [D] [thread 5883] [7.0] [cxt 0] Parser state 'start': key is 86dd
[07:21:44.599] [bmv2] [T] [thread 5883] [7.0] [cxt 0] Bytes parsed: 14
[07:21:44.599] [bmv2] [T] [thread 5883] [7.0] [cxt 0] Skipping checksum 'cksum' verification because target field invalid
[07:21:44.599] [bmv2] [D] [thread 5883] [7.0] [cxt 0] Parser 'parser': end
[07:21:44.599] [bmv2] [D] [thread 5883] [7.0] [cxt 0] Pipeline 'ingress': start
[07:21:44.599] [bmv2] [T] [thread 5883] [7.0] [cxt 0] ip-source-guard.p4(147) Condition "hdr.ipv4.isValid()" (node_2) is false
[07:21:44.599] [bmv2] [D] [thread 5883] [7.0] [cxt 0] Pipeline 'ingress': end
[07:21:44.599] [bmv2] [D] [thread 5883] [7.0] [cxt 0] Egress port is 0
[07:21:44.599] [bmv2] [D] [thread 5884] [0.0] [cxt 0] Pipeline 'egress': start
[07:21:44.599] [bmv2] [D] [thread 5884] [0.0] [cxt 0] Pipeline 'egress': end
[07:21:44.600] [bmv2] [D] [thread 5884] [0.0] [cxt 0] Deparser 'deparser': start
[07:21:44.600] [bmv2] [T] [thread 5884] [0.0] [cxt 0] Skipping checksum 'cksum' update because condition not met
[07:21:44.600] [bmv2] [D] [thread 5884] [0.0] [cxt 0] Deparsing header 'ethernet'
[07:21:44.600] [bmv2] [D] [thread 5884] [0.0] [cxt 0] Deparser 'deparser': end
[07:21:44.600] [bmv2] [D] [thread 5884] [1.0] [cxt 0] Pipeline 'egress': start
[07:21:44.600] [bmv2] [D] [thread 5884] [1.0] [cxt 0] Pipeline 'egress': end
[07:21:44.600] [bmv2] [D] [thread 5884] [1.0] [cxt 0] Deparser 'deparser': start
[07:21:44.600] [bmv2] [T] [thread 5884] [1.0] [cxt 0] Skipping checksum 'cksum' update because condition not met
[07:21:44.600] [bmv2] [D] [thread 5884] [1.0] [cxt 0] Deparsing header 'ethernet'
[07:21:44.600] [bmv2] [D] [thread 5884] [1.0] [cxt 0] Deparser 'deparser': end
[07:21:44.600] [bmv2] [D] [thread 5884] [2.0] [cxt 0] Pipeline 'egress': start
[07:21:44.600] [bmv2] [D] [thread 5884] [2.0] [cxt 0] Pipeline 'egress': end
[07:21:44.600] [bmv2] [D] [thread 5884] [2.0] [cxt 0] Deparser 'deparser': start
[07:21:44.600] [bmv2] [T] [thread 5884] [2.0] [cxt 0] Skipping checksum 'cksum' update because condition not met
[07:21:44.600] [bmv2] [D] [thread 5884] [2.0] [cxt 0] Deparsing header 'ethernet'
[07:21:44.600] [bmv2] [D] [thread 5884] [2.0] [cxt 0] Deparser 'deparser': end
[07:21:44.600] [bmv2] [D] [thread 5884] [3.0] [cxt 0] Pipeline 'egress': start
[07:21:44.600] [bmv2] [D] [thread 5884] [3.0] [cxt 0] Pipeline 'egress': end
[07:21:44.600] [bmv2] [D] [thread 5884] [3.0] [cxt 0] Deparser 'deparser': start
[07:21:44.600] [bmv2] [T] [thread 5884] [3.0] [cxt 0] Skipping checksum 'cksum' update because condition not met
[07:21:44.600] [bmv2] [D] [thread 5884] [3.0] [cxt 0] Deparsing header 'ethernet'
[07:21:44.600] [bmv2] [D] [thread 5884] [3.0] [cxt 0] Deparser 'deparser': end
[07:21:44.600] [bmv2] [D] [thread 5884] [4.0] [cxt 0] Pipeline 'egress': start
[07:21:44.600] [bmv2] [D] [thread 5884] [4.0] [cxt 0] Pipeline 'egress': end
[07:21:44.600] [bmv2] [D] [thread 5884] [4.0] [cxt 0] Deparser 'deparser': start
[07:21:44.600] [bmv2] [T] [thread 5884] [4.0] [cxt 0] Skipping checksum 'cksum' update because condition not met
[07:21:44.600] [bmv2] [D] [thread 5884] [4.0] [cxt 0] Deparsing header 'ethernet'
[07:21:44.600] [bmv2] [D] [thread 5884] [4.0] [cxt 0] Deparser 'deparser': end
[07:21:44.600] [bmv2] [D] [thread 5884] [5.0] [cxt 0] Pipeline 'egress': start
[07:21:44.600] [bmv2] [D] [thread 5884] [5.0] [cxt 0] Pipeline 'egress': end
[07:21:44.600] [bmv2] [D] [thread 5884] [5.0] [cxt 0] Deparser 'deparser': start
[07:21:44.600] [bmv2] [T] [thread 5884] [5.0] [cxt 0] Skipping checksum 'cksum' update because condition not met
[07:21:44.600] [bmv2] [D] [thread 5884] [5.0] [cxt 0] Deparsing header 'ethernet'
[07:21:44.600] [bmv2] [D] [thread 5884] [5.0] [cxt 0] Deparser 'deparser': end
[07:21:44.600] [bmv2] [D] [thread 5884] [6.0] [cxt 0] Pipeline 'egress': start
[07:21:44.600] [bmv2] [D] [thread 5884] [6.0] [cxt 0] Pipeline 'egress': end
[07:21:44.600] [bmv2] [D] [thread 5884] [6.0] [cxt 0] Deparser 'deparser': start
[07:21:44.600] [bmv2] [T] [thread 5884] [6.0] [cxt 0] Skipping checksum 'cksum' update because condition not met
[07:21:44.600] [bmv2] [D] [thread 5884] [6.0] [cxt 0] Deparsing header 'ethernet'
[07:21:44.600] [bmv2] [D] [thread 5884] [6.0] [cxt 0] Deparser 'deparser': end
[07:21:44.600] [bmv2] [D] [thread 5884] [7.0] [cxt 0] Pipeline 'egress': start
[07:21:44.600] [bmv2] [D] [thread 5884] [7.0] [cxt 0] Pipeline 'egress': end
[07:21:44.600] [bmv2] [D] [thread 5884] [7.0] [cxt 0] Deparser 'deparser': start
[07:21:44.600] [bmv2] [T] [thread 5884] [7.0] [cxt 0] Skipping checksum 'cksum' update because condition not met
[07:21:44.600] [bmv2] [D] [thread 5884] [7.0] [cxt 0] Deparsing header 'ethernet'
[07:21:44.600] [bmv2] [D] [thread 5884] [7.0] [cxt 0] Deparser 'deparser': end
[07:21:44.600] [bmv2] [D] [thread 5883] [8.0] [cxt 0] Processing packet received on port 1
[07:21:44.600] [bmv2] [D] [thread 5883] [8.0] [cxt 0] Parser 'parser': start
[07:21:44.600] [bmv2] [D] [thread 5883] [8.0] [cxt 0] Parser 'parser' entering state 'start'
[07:21:44.600] [bmv2] [D] [thread 5883] [8.0] [cxt 0] Extracting header 'ethernet'
[07:21:44.600] [bmv2] [D] [thread 5883] [8.0] [cxt 0] Parser state 'start': key is 86dd
[07:21:44.600] [bmv2] [T] [thread 5883] [8.0] [cxt 0] Bytes parsed: 14
[07:21:44.600] [bmv2] [T] [thread 5883] [8.0] [cxt 0] Skipping checksum 'cksum' verification because target field invalid
[07:21:44.600] [bmv2] [D] [thread 5883] [8.0] [cxt 0] Parser 'parser': end
[07:21:44.600] [bmv2] [D] [thread 5883] [8.0] [cxt 0] Pipeline 'ingress': start
[07:21:44.600] [bmv2] [T] [thread 5883] [8.0] [cxt 0] ip-source-guard.p4(147) Condition "hdr.ipv4.isValid()" (node_2) is false
[07:21:44.600] [bmv2] [D] [thread 5883] [8.0] [cxt 0] Pipeline 'ingress': end
[07:21:44.600] [bmv2] [D] [thread 5883] [8.0] [cxt 0] Egress port is 0
[07:21:44.600] [bmv2] [D] [thread 5883] [9.0] [cxt 0] Processing packet received on port 2
[07:21:44.600] [bmv2] [D] [thread 5883] [9.0] [cxt 0] Parser 'parser': start
[07:21:44.600] [bmv2] [D] [thread 5883] [9.0] [cxt 0] Parser 'parser' entering state 'start'
[07:21:44.600] [bmv2] [D] [thread 5883] [9.0] [cxt 0] Extracting header 'ethernet'
[07:21:44.600] [bmv2] [D] [thread 5883] [9.0] [cxt 0] Parser state 'start': key is 86dd
[07:21:44.600] [bmv2] [T] [thread 5883] [9.0] [cxt 0] Bytes parsed: 14
[07:21:44.600] [bmv2] [T] [thread 5883] [9.0] [cxt 0] Skipping checksum 'cksum' verification because target field invalid
[07:21:44.600] [bmv2] [D] [thread 5883] [9.0] [cxt 0] Parser 'parser': end
[07:21:44.600] [bmv2] [D] [thread 5883] [9.0] [cxt 0] Pipeline 'ingress': start
[07:21:44.600] [bmv2] [T] [thread 5883] [9.0] [cxt 0] ip-source-guard.p4(147) Condition "hdr.ipv4.isValid()" (node_2) is false
[07:21:44.600] [bmv2] [D] [thread 5883] [9.0] [cxt 0] Pipeline 'ingress': end
[07:21:44.600] [bmv2] [D] [thread 5883] [9.0] [cxt 0] Egress port is 0
[07:21:44.600] [bmv2] [D] [thread 5883] [10.0] [cxt 0] Processing packet received on port 1
[07:21:44.600] [bmv2] [D] [thread 5883] [10.0] [cxt 0] Parser 'parser': start
[07:21:44.600] [bmv2] [D] [thread 5883] [10.0] [cxt 0] Parser 'parser' entering state 'start'
[07:21:44.600] [bmv2] [D] [thread 5883] [10.0] [cxt 0] Extracting header 'ethernet'
[07:21:44.600] [bmv2] [D] [thread 5883] [10.0] [cxt 0] Parser state 'start': key is 86dd
[07:21:44.600] [bmv2] [T] [thread 5883] [10.0] [cxt 0] Bytes parsed: 14
[07:21:44.600] [bmv2] [T] [thread 5883] [10.0] [cxt 0] Skipping checksum 'cksum' verification because target field invalid
[07:21:44.600] [bmv2] [D] [thread 5883] [10.0] [cxt 0] Parser 'parser': end
[07:21:44.600] [bmv2] [D] [thread 5883] [10.0] [cxt 0] Pipeline 'ingress': start
[07:21:44.600] [bmv2] [T] [thread 5883] [10.0] [cxt 0] ip-source-guard.p4(147) Condition "hdr.ipv4.isValid()" (node_2) is false
[07:21:44.600] [bmv2] [D] [thread 5883] [10.0] [cxt 0] Pipeline 'ingress': end
[07:21:44.600] [bmv2] [D] [thread 5883] [10.0] [cxt 0] Egress port is 0
[07:21:44.600] [bmv2] [D] [thread 5883] [11.0] [cxt 0] Processing packet received on port 2
[07:21:44.600] [bmv2] [D] [thread 5883] [11.0] [cxt 0] Parser 'parser': start
[07:21:44.600] [bmv2] [D] [thread 5883] [11.0] [cxt 0] Parser 'parser' entering state 'start'
[07:21:44.600] [bmv2] [D] [thread 5883] [11.0] [cxt 0] Extracting header 'ethernet'
[07:21:44.600] [bmv2] [D] [thread 5883] [11.0] [cxt 0] Parser state 'start': key is 86dd
[07:21:44.600] [bmv2] [T] [thread 5883] [11.0] [cxt 0] Bytes parsed: 14
[07:21:44.600] [bmv2] [T] [thread 5883] [11.0] [cxt 0] Skipping checksum 'cksum' verification because target field invalid
[07:21:44.600] [bmv2] [D] [thread 5883] [11.0] [cxt 0] Parser 'parser': end
[07:21:44.600] [bmv2] [D] [thread 5883] [11.0] [cxt 0] Pipeline 'ingress': start
[07:21:44.600] [bmv2] [T] [thread 5883] [11.0] [cxt 0] ip-source-guard.p4(147) Condition "hdr.ipv4.isValid()" (node_2) is false
[07:21:44.600] [bmv2] [D] [thread 5883] [11.0] [cxt 0] Pipeline 'ingress': end
[07:21:44.600] [bmv2] [D] [thread 5883] [11.0] [cxt 0] Egress port is 0
[07:21:44.600] [bmv2] [D] [thread 5883] [12.0] [cxt 0] Processing packet received on port 1
[07:21:44.600] [bmv2] [D] [thread 5883] [12.0] [cxt 0] Parser 'parser': start
[07:21:44.600] [bmv2] [D] [thread 5883] [12.0] [cxt 0] Parser 'parser' entering state 'start'
[07:21:44.600] [bmv2] [D] [thread 5883] [12.0] [cxt 0] Extracting header 'ethernet'
[07:21:44.600] [bmv2] [D] [thread 5883] [12.0] [cxt 0] Parser state 'start': key is 86dd
[07:21:44.600] [bmv2] [T] [thread 5883] [12.0] [cxt 0] Bytes parsed: 14
[07:21:44.600] [bmv2] [T] [thread 5883] [12.0] [cxt 0] Skipping checksum 'cksum' verification because target field invalid
[07:21:44.600] [bmv2] [D] [thread 5883] [12.0] [cxt 0] Parser 'parser': end
[07:21:44.600] [bmv2] [D] [thread 5883] [12.0] [cxt 0] Pipeline 'ingress': start
[07:21:44.600] [bmv2] [T] [thread 5883] [12.0] [cxt 0] ip-source-guard.p4(147) Condition "hdr.ipv4.isValid()" (node_2) is false
[07:21:44.600] [bmv2] [D] [thread 5883] [12.0] [cxt 0] Pipeline 'ingress': end
[07:21:44.600] [bmv2] [D] [thread 5883] [12.0] [cxt 0] Egress port is 0
[07:21:44.600] [bmv2] [D] [thread 5883] [13.0] [cxt 0] Processing packet received on port 2
[07:21:44.600] [bmv2] [D] [thread 5883] [13.0] [cxt 0] Parser 'parser': start
[07:21:44.600] [bmv2] [D] [thread 5883] [13.0] [cxt 0] Parser 'parser' entering state 'start'
[07:21:44.600] [bmv2] [D] [thread 5883] [13.0] [cxt 0] Extracting header 'ethernet'
[07:21:44.600] [bmv2] [D] [thread 5883] [13.0] [cxt 0] Parser state 'start': key is 86dd
[07:21:44.600] [bmv2] [T] [thread 5883] [13.0] [cxt 0] Bytes parsed: 14
[07:21:44.600] [bmv2] [T] [thread 5883] [13.0] [cxt 0] Skipping checksum 'cksum' verification because target field invalid
[07:21:44.600] [bmv2] [D] [thread 5883] [13.0] [cxt 0] Parser 'parser': end
[07:21:44.600] [bmv2] [D] [thread 5883] [13.0] [cxt 0] Pipeline 'ingress': start
[07:21:44.600] [bmv2] [T] [thread 5883] [13.0] [cxt 0] ip-source-guard.p4(147) Condition "hdr.ipv4.isValid()" (node_2) is false
[07:21:44.600] [bmv2] [D] [thread 5883] [13.0] [cxt 0] Pipeline 'ingress': end
[07:21:44.600] [bmv2] [D] [thread 5883] [13.0] [cxt 0] Egress port is 0
[07:21:44.600] [bmv2] [D] [thread 5884] [8.0] [cxt 0] Pipeline 'egress': start
[07:21:44.600] [bmv2] [D] [thread 5884] [8.0] [cxt 0] Pipeline 'egress': end
[07:21:44.600] [bmv2] [D] [thread 5884] [8.0] [cxt 0] Deparser 'deparser': start
[07:21:44.600] [bmv2] [T] [thread 5884] [8.0] [cxt 0] Skipping checksum 'cksum' update because condition not met
[07:21:44.600] [bmv2] [D] [thread 5884] [8.0] [cxt 0] Deparsing header 'ethernet'
[07:21:44.600] [bmv2] [D] [thread 5884] [8.0] [cxt 0] Deparser 'deparser': end
[07:21:44.600] [bmv2] [D] [thread 5884] [9.0] [cxt 0] Pipeline 'egress': start
[07:21:44.600] [bmv2] [D] [thread 5884] [9.0] [cxt 0] Pipeline 'egress': end
[07:21:44.600] [bmv2] [D] [thread 5884] [9.0] [cxt 0] Deparser 'deparser': start
[07:21:44.600] [bmv2] [T] [thread 5884] [9.0] [cxt 0] Skipping checksum 'cksum' update because condition not met
[07:21:44.600] [bmv2] [D] [thread 5884] [9.0] [cxt 0] Deparsing header 'ethernet'
[07:21:44.600] [bmv2] [D] [thread 5884] [9.0] [cxt 0] Deparser 'deparser': end
[07:21:44.600] [bmv2] [D] [thread 5884] [10.0] [cxt 0] Pipeline 'egress': start
[07:21:44.600] [bmv2] [D] [thread 5884] [10.0] [cxt 0] Pipeline 'egress': end
[07:21:44.600] [bmv2] [D] [thread 5884] [10.0] [cxt 0] Deparser 'deparser': start
[07:21:44.600] [bmv2] [T] [thread 5884] [10.0] [cxt 0] Skipping checksum 'cksum' update because condition not met
[07:21:44.600] [bmv2] [D] [thread 5884] [10.0] [cxt 0] Deparsing header 'ethernet'
[07:21:44.600] [bmv2] [D] [thread 5884] [10.0] [cxt 0] Deparser 'deparser': end
[07:21:44.600] [bmv2] [D] [thread 5884] [11.0] [cxt 0] Pipeline 'egress': start
[07:21:44.600] [bmv2] [D] [thread 5884] [11.0] [cxt 0] Pipeline 'egress': end
[07:21:44.600] [bmv2] [D] [thread 5884] [11.0] [cxt 0] Deparser 'deparser': start
[07:21:44.600] [bmv2] [T] [thread 5884] [11.0] [cxt 0] Skipping checksum 'cksum' update because condition not met
[07:21:44.600] [bmv2] [D] [thread 5884] [11.0] [cxt 0] Deparsing header 'ethernet'
[07:21:44.600] [bmv2] [D] [thread 5884] [11.0] [cxt 0] Deparser 'deparser': end
[07:21:44.600] [bmv2] [D] [thread 5884] [12.0] [cxt 0] Pipeline 'egress': start
[07:21:44.600] [bmv2] [D] [thread 5884] [12.0] [cxt 0] Pipeline 'egress': end
[07:21:44.600] [bmv2] [D] [thread 5884] [12.0] [cxt 0] Deparser 'deparser': start
[07:21:44.600] [bmv2] [T] [thread 5884] [12.0] [cxt 0] Skipping checksum 'cksum' update because condition not met
[07:21:44.600] [bmv2] [D] [thread 5884] [12.0] [cxt 0] Deparsing header 'ethernet'
[07:21:44.600] [bmv2] [D] [thread 5884] [12.0] [cxt 0] Deparser 'deparser': end
[07:21:44.600] [bmv2] [D] [thread 5884] [13.0] [cxt 0] Pipeline 'egress': start
[07:21:44.600] [bmv2] [D] [thread 5884] [13.0] [cxt 0] Pipeline 'egress': end
[07:21:44.600] [bmv2] [D] [thread 5884] [13.0] [cxt 0] Deparser 'deparser': start
[07:21:44.600] [bmv2] [T] [thread 5884] [13.0] [cxt 0] Skipping checksum 'cksum' update because condition not met
[07:21:44.600] [bmv2] [D] [thread 5884] [13.0] [cxt 0] Deparsing header 'ethernet'
[07:21:44.600] [bmv2] [D] [thread 5884] [13.0] [cxt 0] Deparser 'deparser': end
[07:21:44.600] [bmv2] [D] [thread 5888] [0.0] [cxt 0] Transmitting packet of size 78 out of port 0
[07:21:44.600] [bmv2] [D] [thread 5888] [1.0] [cxt 0] Transmitting packet of size 78 out of port 0
[07:21:44.600] [bmv2] [D] [thread 5888] [2.0] [cxt 0] Transmitting packet of size 90 out of port 0
[07:21:44.600] [bmv2] [D] [thread 5888] [3.0] [cxt 0] Transmitting packet of size 90 out of port 0
[07:21:44.600] [bmv2] [D] [thread 5888] [4.0] [cxt 0] Transmitting packet of size 90 out of port 0
[07:21:44.600] [bmv2] [D] [thread 5888] [5.0] [cxt 0] Transmitting packet of size 90 out of port 0
[07:21:44.600] [bmv2] [D] [thread 5888] [6.0] [cxt 0] Transmitting packet of size 70 out of port 0
[07:21:44.600] [bmv2] [D] [thread 5888] [7.0] [cxt 0] Transmitting packet of size 70 out of port 0
[07:21:44.600] [bmv2] [D] [thread 5888] [8.0] [cxt 0] Transmitting packet of size 90 out of port 0
[07:21:44.600] [bmv2] [D] [thread 5888] [9.0] [cxt 0] Transmitting packet of size 90 out of port 0
[07:21:44.600] [bmv2] [D] [thread 5888] [10.0] [cxt 0] Transmitting packet of size 90 out of port 0
[07:21:44.600] [bmv2] [D] [thread 5888] [11.0] [cxt 0] Transmitting packet of size 203 out of port 0
[07:21:44.600] [bmv2] [D] [thread 5888] [12.0] [cxt 0] Transmitting packet of size 110 out of port 0
[07:21:44.600] [bmv2] [D] [thread 5888] [13.0] [cxt 0] Transmitting packet of size 208 out of port 0
P4Runtime Write
election_id {
  low: 1
}
updates {
  type: INSERT
  entity {
    table_entry {
      table_id: 33562212
      action {
        action {
          action_id: 16819739
        }
      }
      is_default_action: true
    }
  }
}
[07:21:44.601] [bmv2] [D] [thread 5877] Set default entry for table 'IngressProcess.estd_client': IngressProcess.drop - 
P4Runtime Write
election_id {
  low: 1
}
updates {
  type: INSERT
  entity {
    table_entry {
      table_id: 33562212
      match {
        field_id: 1
        lpm {
          value: "\n\000\001\001"
          prefix_len: 32
        }
      }
      action {
        action {
          action_id: 16788420
          params {
            param_id: 1
            value: "\000\000\000\000\001\002"
          }
          params {
            param_id: 2
            value: "\000\002"
          }
        }
      }
    }
  }
}
[07:21:44.603] [bmv2] [D] [thread 5877] Entry 0 added to table 'IngressProcess.estd_client'
[07:21:44.603] [bmv2] [D] [thread 5877] Dumping entry 0
Match key:
* hdr.ipv4.srcAddr    : LPM       0a000101/32
Action entry: IngressProcess.pkt_fwd - 102,2,

P4Runtime Write
election_id {
  low: 1
}
updates {
  type: INSERT
  entity {
    table_entry {
      table_id: 33577120
      action {
        action {
          action_id: 16819739
        }
      }
      is_default_action: true
    }
  }
}
[07:21:44.604] [bmv2] [D] [thread 5877] Set default entry for table 'IngressProcess.nack_client': IngressProcess.drop - 
P4Runtime Write
election_id {
  low: 1
}
updates {
  type: INSERT
  entity {
    table_entry {
      table_id: 33577120
      match {
        field_id: 1
        lpm {
          value: "\000\000\000\000\001\001"
          prefix_len: 48
        }
      }
      action {
        action {
          action_id: 16819739
        }
      }
    }
  }
}
[07:21:44.605] [bmv2] [D] [thread 5877] Entry 0 added to table 'IngressProcess.nack_client'
[07:21:44.605] [bmv2] [D] [thread 5877] Dumping entry 0
Match key:
* hdr.ethernet.srcAddr: LPM       000000000101/48
Action entry: IngressProcess.drop - 

P4Runtime Write
election_id {
  low: 1
}
updates {
  type: INSERT
  entity {
    table_entry {
      table_id: 33565427
      action {
        action {
          action_id: 16819739
        }
      }
      is_default_action: true
    }
  }
}
[07:21:44.605] [bmv2] [D] [thread 5877] Set default entry for table 'IngressProcess.wait_client': IngressProcess.drop - 
P4Runtime Write
election_id {
  low: 1
}
updates {
  type: INSERT
  entity {
    table_entry {
      table_id: 33565427
      match {
        field_id: 1
        lpm {
          value: "\000\000\000\000\001\001"
          prefix_len: 48
        }
      }
      action {
        action {
          action_id: 16788420
          params {
            param_id: 1
            value: "\000\000\000\000\001\002"
          }
          params {
            param_id: 2
            value: "\000\002"
          }
        }
      }
    }
  }
}
[07:21:44.606] [bmv2] [D] [thread 5877] Entry 0 added to table 'IngressProcess.wait_client'
[07:21:44.606] [bmv2] [D] [thread 5877] Dumping entry 0
Match key:
* hdr.ethernet.srcAddr: LPM       000000000101/48
Action entry: IngressProcess.pkt_fwd - 102,2,

Connection removed
[07:21:44.620] [bmv2] [D] [thread 5883] [14.0] [cxt 0] Processing packet received on port 1
[07:21:44.620] [bmv2] [D] [thread 5883] [14.0] [cxt 0] Parser 'parser': start
[07:21:44.620] [bmv2] [D] [thread 5883] [14.0] [cxt 0] Parser 'parser' entering state 'start'
[07:21:44.620] [bmv2] [D] [thread 5883] [14.0] [cxt 0] Extracting header 'ethernet'
[07:21:44.620] [bmv2] [D] [thread 5883] [14.0] [cxt 0] Parser state 'start': key is 86dd
[07:21:44.620] [bmv2] [T] [thread 5883] [14.0] [cxt 0] Bytes parsed: 14
[07:21:44.620] [bmv2] [T] [thread 5883] [14.0] [cxt 0] Skipping checksum 'cksum' verification because target field invalid
[07:21:44.620] [bmv2] [D] [thread 5883] [14.0] [cxt 0] Parser 'parser': end
[07:21:44.620] [bmv2] [D] [thread 5883] [14.0] [cxt 0] Pipeline 'ingress': start
[07:21:44.620] [bmv2] [T] [thread 5883] [14.0] [cxt 0] ip-source-guard.p4(147) Condition "hdr.ipv4.isValid()" (node_2) is false
[07:21:44.620] [bmv2] [D] [thread 5883] [14.0] [cxt 0] Pipeline 'ingress': end
[07:21:44.620] [bmv2] [D] [thread 5883] [14.0] [cxt 0] Egress port is 0
[07:21:44.620] [bmv2] [D] [thread 5884] [14.0] [cxt 0] Pipeline 'egress': start
[07:21:44.620] [bmv2] [D] [thread 5884] [14.0] [cxt 0] Pipeline 'egress': end
[07:21:44.620] [bmv2] [D] [thread 5884] [14.0] [cxt 0] Deparser 'deparser': start
[07:21:44.620] [bmv2] [T] [thread 5884] [14.0] [cxt 0] Skipping checksum 'cksum' update because condition not met
[07:21:44.620] [bmv2] [D] [thread 5884] [14.0] [cxt 0] Deparsing header 'ethernet'
[07:21:44.620] [bmv2] [D] [thread 5884] [14.0] [cxt 0] Deparser 'deparser': end
[07:21:44.620] [bmv2] [D] [thread 5888] [14.0] [cxt 0] Transmitting packet of size 208 out of port 0
[07:21:44.725] [bmv2] [D] [thread 5883] [15.0] [cxt 0] Processing packet received on port 2
[07:21:44.726] [bmv2] [D] [thread 5883] [15.0] [cxt 0] Parser 'parser': start
[07:21:44.726] [bmv2] [D] [thread 5883] [15.0] [cxt 0] Parser 'parser' entering state 'start'
[07:21:44.726] [bmv2] [D] [thread 5883] [15.0] [cxt 0] Extracting header 'ethernet'
[07:21:44.726] [bmv2] [D] [thread 5883] [15.0] [cxt 0] Parser state 'start': key is 86dd
[07:21:44.726] [bmv2] [T] [thread 5883] [15.0] [cxt 0] Bytes parsed: 14
[07:21:44.726] [bmv2] [T] [thread 5883] [15.0] [cxt 0] Skipping checksum 'cksum' verification because target field invalid
[07:21:44.726] [bmv2] [D] [thread 5883] [15.0] [cxt 0] Parser 'parser': end
[07:21:44.726] [bmv2] [D] [thread 5883] [15.0] [cxt 0] Pipeline 'ingress': start
[07:21:44.726] [bmv2] [T] [thread 5883] [15.0] [cxt 0] ip-source-guard.p4(147) Condition "hdr.ipv4.isValid()" (node_2) is false
[07:21:44.726] [bmv2] [D] [thread 5883] [15.0] [cxt 0] Pipeline 'ingress': end
[07:21:44.726] [bmv2] [D] [thread 5883] [15.0] [cxt 0] Egress port is 0
[07:21:44.726] [bmv2] [D] [thread 5884] [15.0] [cxt 0] Pipeline 'egress': start
[07:21:44.726] [bmv2] [D] [thread 5884] [15.0] [cxt 0] Pipeline 'egress': end
[07:21:44.726] [bmv2] [D] [thread 5884] [15.0] [cxt 0] Deparser 'deparser': start
[07:21:44.726] [bmv2] [T] [thread 5884] [15.0] [cxt 0] Skipping checksum 'cksum' update because condition not met
[07:21:44.726] [bmv2] [D] [thread 5884] [15.0] [cxt 0] Deparsing header 'ethernet'
[07:21:44.726] [bmv2] [D] [thread 5884] [15.0] [cxt 0] Deparser 'deparser': end
[07:21:44.726] [bmv2] [D] [thread 5888] [15.0] [cxt 0] Transmitting packet of size 208 out of port 0
[07:21:44.749] [bmv2] [D] [thread 5883] [16.0] [cxt 0] Processing packet received on port 1
[07:21:44.749] [bmv2] [D] [thread 5883] [16.0] [cxt 0] Parser 'parser': start
[07:21:44.749] [bmv2] [D] [thread 5883] [16.0] [cxt 0] Parser 'parser' entering state 'start'
[07:21:44.749] [bmv2] [D] [thread 5883] [16.0] [cxt 0] Extracting header 'ethernet'
[07:21:44.749] [bmv2] [D] [thread 5883] [16.0] [cxt 0] Parser state 'start': key is 86dd
[07:21:44.749] [bmv2] [T] [thread 5883] [16.0] [cxt 0] Bytes parsed: 14
[07:21:44.749] [bmv2] [T] [thread 5883] [16.0] [cxt 0] Skipping checksum 'cksum' verification because target field invalid
[07:21:44.749] [bmv2] [D] [thread 5883] [16.0] [cxt 0] Parser 'parser': end
[07:21:44.749] [bmv2] [D] [thread 5883] [16.0] [cxt 0] Pipeline 'ingress': start
[07:21:44.749] [bmv2] [T] [thread 5883] [16.0] [cxt 0] ip-source-guard.p4(147) Condition "hdr.ipv4.isValid()" (node_2) is false
[07:21:44.749] [bmv2] [D] [thread 5883] [16.0] [cxt 0] Pipeline 'ingress': end
[07:21:44.749] [bmv2] [D] [thread 5883] [16.0] [cxt 0] Egress port is 0
[07:21:44.749] [bmv2] [D] [thread 5884] [16.0] [cxt 0] Pipeline 'egress': start
[07:21:44.749] [bmv2] [D] [thread 5884] [16.0] [cxt 0] Pipeline 'egress': end
[07:21:44.749] [bmv2] [D] [thread 5884] [16.0] [cxt 0] Deparser 'deparser': start
[07:21:44.749] [bmv2] [T] [thread 5884] [16.0] [cxt 0] Skipping checksum 'cksum' update because condition not met
[07:21:44.749] [bmv2] [D] [thread 5884] [16.0] [cxt 0] Deparsing header 'ethernet'
[07:21:44.749] [bmv2] [D] [thread 5884] [16.0] [cxt 0] Deparser 'deparser': end
[07:21:44.749] [bmv2] [D] [thread 5888] [16.0] [cxt 0] Transmitting packet of size 110 out of port 0
[07:21:44.871] [bmv2] [D] [thread 5883] [17.0] [cxt 0] Processing packet received on port 1
[07:21:44.871] [bmv2] [D] [thread 5883] [17.0] [cxt 0] Parser 'parser': start
[07:21:44.871] [bmv2] [D] [thread 5883] [17.0] [cxt 0] Parser 'parser' entering state 'start'
[07:21:44.872] [bmv2] [D] [thread 5883] [17.0] [cxt 0] Extracting header 'ethernet'
[07:21:44.872] [bmv2] [D] [thread 5883] [17.0] [cxt 0] Parser state 'start': key is 86dd
[07:21:44.872] [bmv2] [T] [thread 5883] [17.0] [cxt 0] Bytes parsed: 14
[07:21:44.872] [bmv2] [T] [thread 5883] [17.0] [cxt 0] Skipping checksum 'cksum' verification because target field invalid
[07:21:44.872] [bmv2] [D] [thread 5883] [17.0] [cxt 0] Parser 'parser': end
[07:21:44.872] [bmv2] [D] [thread 5883] [17.0] [cxt 0] Pipeline 'ingress': start
[07:21:44.872] [bmv2] [T] [thread 5883] [17.0] [cxt 0] ip-source-guard.p4(147) Condition "hdr.ipv4.isValid()" (node_2) is false
[07:21:44.872] [bmv2] [D] [thread 5883] [17.0] [cxt 0] Pipeline 'ingress': end
[07:21:44.872] [bmv2] [D] [thread 5883] [17.0] [cxt 0] Egress port is 0
[07:21:44.872] [bmv2] [D] [thread 5884] [17.0] [cxt 0] Pipeline 'egress': start
[07:21:44.872] [bmv2] [D] [thread 5884] [17.0] [cxt 0] Pipeline 'egress': end
[07:21:44.872] [bmv2] [D] [thread 5884] [17.0] [cxt 0] Deparser 'deparser': start
[07:21:44.872] [bmv2] [T] [thread 5884] [17.0] [cxt 0] Skipping checksum 'cksum' update because condition not met
[07:21:44.872] [bmv2] [D] [thread 5884] [17.0] [cxt 0] Deparsing header 'ethernet'
[07:21:44.872] [bmv2] [D] [thread 5884] [17.0] [cxt 0] Deparser 'deparser': end
[07:21:44.872] [bmv2] [D] [thread 5888] [17.0] [cxt 0] Transmitting packet of size 208 out of port 0
[07:21:44.979] [bmv2] [D] [thread 5883] [18.0] [cxt 0] Processing packet received on port 2
[07:21:44.979] [bmv2] [D] [thread 5883] [18.0] [cxt 0] Parser 'parser': start
[07:21:44.979] [bmv2] [D] [thread 5883] [18.0] [cxt 0] Parser 'parser' entering state 'start'
[07:21:44.979] [bmv2] [D] [thread 5883] [18.0] [cxt 0] Extracting header 'ethernet'
[07:21:44.979] [bmv2] [D] [thread 5883] [18.0] [cxt 0] Parser state 'start': key is 86dd
[07:21:44.979] [bmv2] [T] [thread 5883] [18.0] [cxt 0] Bytes parsed: 14
[07:21:44.979] [bmv2] [T] [thread 5883] [18.0] [cxt 0] Skipping checksum 'cksum' verification because target field invalid
[07:21:44.979] [bmv2] [D] [thread 5883] [18.0] [cxt 0] Parser 'parser': end
[07:21:44.979] [bmv2] [D] [thread 5883] [18.0] [cxt 0] Pipeline 'ingress': start
[07:21:44.979] [bmv2] [T] [thread 5883] [18.0] [cxt 0] ip-source-guard.p4(147) Condition "hdr.ipv4.isValid()" (node_2) is false
[07:21:44.979] [bmv2] [D] [thread 5883] [18.0] [cxt 0] Pipeline 'ingress': end
[07:21:44.979] [bmv2] [D] [thread 5883] [18.0] [cxt 0] Egress port is 0
[07:21:44.979] [bmv2] [D] [thread 5884] [18.0] [cxt 0] Pipeline 'egress': start
[07:21:44.979] [bmv2] [D] [thread 5884] [18.0] [cxt 0] Pipeline 'egress': end
[07:21:44.979] [bmv2] [D] [thread 5884] [18.0] [cxt 0] Deparser 'deparser': start
[07:21:44.979] [bmv2] [T] [thread 5884] [18.0] [cxt 0] Skipping checksum 'cksum' update because condition not met
[07:21:44.979] [bmv2] [D] [thread 5884] [18.0] [cxt 0] Deparsing header 'ethernet'
[07:21:44.979] [bmv2] [D] [thread 5884] [18.0] [cxt 0] Deparser 'deparser': end
[07:21:44.979] [bmv2] [D] [thread 5888] [18.0] [cxt 0] Transmitting packet of size 208 out of port 0
[07:21:45.074] [bmv2] [D] [thread 5883] [19.0] [cxt 0] Processing packet received on port 1
[07:21:45.074] [bmv2] [D] [thread 5883] [19.0] [cxt 0] Parser 'parser': start
[07:21:45.074] [bmv2] [D] [thread 5883] [19.0] [cxt 0] Parser 'parser' entering state 'start'
[07:21:45.074] [bmv2] [D] [thread 5883] [19.0] [cxt 0] Extracting header 'ethernet'
[07:21:45.074] [bmv2] [D] [thread 5883] [19.0] [cxt 0] Parser state 'start': key is 86dd
[07:21:45.074] [bmv2] [T] [thread 5883] [19.0] [cxt 0] Bytes parsed: 14
[07:21:45.074] [bmv2] [T] [thread 5883] [19.0] [cxt 0] Skipping checksum 'cksum' verification because target field invalid
[07:21:45.074] [bmv2] [D] [thread 5883] [19.0] [cxt 0] Parser 'parser': end
[07:21:45.074] [bmv2] [D] [thread 5883] [19.0] [cxt 0] Pipeline 'ingress': start
[07:21:45.074] [bmv2] [T] [thread 5883] [19.0] [cxt 0] ip-source-guard.p4(147) Condition "hdr.ipv4.isValid()" (node_2) is false
[07:21:45.074] [bmv2] [D] [thread 5883] [19.0] [cxt 0] Pipeline 'ingress': end
[07:21:45.074] [bmv2] [D] [thread 5883] [19.0] [cxt 0] Egress port is 0
[07:21:45.074] [bmv2] [D] [thread 5884] [19.0] [cxt 0] Pipeline 'egress': start
[07:21:45.074] [bmv2] [D] [thread 5884] [19.0] [cxt 0] Pipeline 'egress': end
[07:21:45.074] [bmv2] [D] [thread 5884] [19.0] [cxt 0] Deparser 'deparser': start
[07:21:45.075] [bmv2] [T] [thread 5884] [19.0] [cxt 0] Skipping checksum 'cksum' update because condition not met
[07:21:45.075] [bmv2] [D] [thread 5884] [19.0] [cxt 0] Deparsing header 'ethernet'
[07:21:45.075] [bmv2] [D] [thread 5884] [19.0] [cxt 0] Deparser 'deparser': end
[07:21:45.075] [bmv2] [D] [thread 5888] [19.0] [cxt 0] Transmitting packet of size 110 out of port 0
[07:21:45.122] [bmv2] [D] [thread 5883] [20.0] [cxt 0] Processing packet received on port 1
[07:21:45.122] [bmv2] [D] [thread 5883] [20.0] [cxt 0] Parser 'parser': start
[07:21:45.122] [bmv2] [D] [thread 5883] [20.0] [cxt 0] Parser 'parser' entering state 'start'
[07:21:45.122] [bmv2] [D] [thread 5883] [20.0] [cxt 0] Extracting header 'ethernet'
[07:21:45.122] [bmv2] [D] [thread 5883] [20.0] [cxt 0] Parser state 'start': key is 86dd
[07:21:45.122] [bmv2] [T] [thread 5883] [20.0] [cxt 0] Bytes parsed: 14
[07:21:45.122] [bmv2] [T] [thread 5883] [20.0] [cxt 0] Skipping checksum 'cksum' verification because target field invalid
[07:21:45.122] [bmv2] [D] [thread 5883] [20.0] [cxt 0] Parser 'parser': end
[07:21:45.122] [bmv2] [D] [thread 5883] [20.0] [cxt 0] Pipeline 'ingress': start
[07:21:45.122] [bmv2] [T] [thread 5883] [20.0] [cxt 0] ip-source-guard.p4(147) Condition "hdr.ipv4.isValid()" (node_2) is false
[07:21:45.122] [bmv2] [D] [thread 5883] [20.0] [cxt 0] Pipeline 'ingress': end
[07:21:45.122] [bmv2] [D] [thread 5883] [20.0] [cxt 0] Egress port is 0
[07:21:45.122] [bmv2] [D] [thread 5884] [20.0] [cxt 0] Pipeline 'egress': start
[07:21:45.122] [bmv2] [D] [thread 5884] [20.0] [cxt 0] Pipeline 'egress': end
[07:21:45.122] [bmv2] [D] [thread 5884] [20.0] [cxt 0] Deparser 'deparser': start
[07:21:45.122] [bmv2] [T] [thread 5884] [20.0] [cxt 0] Skipping checksum 'cksum' update because condition not met
[07:21:45.123] [bmv2] [D] [thread 5884] [20.0] [cxt 0] Deparsing header 'ethernet'
[07:21:45.123] [bmv2] [D] [thread 5884] [20.0] [cxt 0] Deparser 'deparser': end
[07:21:45.123] [bmv2] [D] [thread 5888] [20.0] [cxt 0] Transmitting packet of size 208 out of port 0
[07:21:45.177] [bmv2] [D] [thread 5883] [21.0] [cxt 0] Processing packet received on port 2
[07:21:45.177] [bmv2] [D] [thread 5883] [21.0] [cxt 0] Parser 'parser': start
[07:21:45.177] [bmv2] [D] [thread 5883] [21.0] [cxt 0] Parser 'parser' entering state 'start'
[07:21:45.177] [bmv2] [D] [thread 5883] [21.0] [cxt 0] Extracting header 'ethernet'
[07:21:45.177] [bmv2] [D] [thread 5883] [21.0] [cxt 0] Parser state 'start': key is 86dd
[07:21:45.177] [bmv2] [T] [thread 5883] [21.0] [cxt 0] Bytes parsed: 14
[07:21:45.177] [bmv2] [T] [thread 5883] [21.0] [cxt 0] Skipping checksum 'cksum' verification because target field invalid
[07:21:45.177] [bmv2] [D] [thread 5883] [21.0] [cxt 0] Parser 'parser': end
[07:21:45.177] [bmv2] [D] [thread 5883] [21.0] [cxt 0] Pipeline 'ingress': start
[07:21:45.177] [bmv2] [T] [thread 5883] [21.0] [cxt 0] ip-source-guard.p4(147) Condition "hdr.ipv4.isValid()" (node_2) is false
[07:21:45.177] [bmv2] [D] [thread 5883] [21.0] [cxt 0] Pipeline 'ingress': end
[07:21:45.177] [bmv2] [D] [thread 5883] [21.0] [cxt 0] Egress port is 0
[07:21:45.177] [bmv2] [D] [thread 5884] [21.0] [cxt 0] Pipeline 'egress': start
[07:21:45.178] [bmv2] [D] [thread 5884] [21.0] [cxt 0] Pipeline 'egress': end
[07:21:45.178] [bmv2] [D] [thread 5884] [21.0] [cxt 0] Deparser 'deparser': start
[07:21:45.178] [bmv2] [T] [thread 5884] [21.0] [cxt 0] Skipping checksum 'cksum' update because condition not met
[07:21:45.178] [bmv2] [D] [thread 5884] [21.0] [cxt 0] Deparsing header 'ethernet'
[07:21:45.178] [bmv2] [D] [thread 5884] [21.0] [cxt 0] Deparser 'deparser': end
[07:21:45.178] [bmv2] [D] [thread 5888] [21.0] [cxt 0] Transmitting packet of size 196 out of port 0
[07:21:45.322] [bmv2] [D] [thread 5883] [22.0] [cxt 0] Processing packet received on port 1
[07:21:45.322] [bmv2] [D] [thread 5883] [22.0] [cxt 0] Parser 'parser': start
[07:21:45.322] [bmv2] [D] [thread 5883] [22.0] [cxt 0] Parser 'parser' entering state 'start'
[07:21:45.322] [bmv2] [D] [thread 5883] [22.0] [cxt 0] Extracting header 'ethernet'
[07:21:45.322] [bmv2] [D] [thread 5883] [22.0] [cxt 0] Parser state 'start': key is 86dd
[07:21:45.322] [bmv2] [T] [thread 5883] [22.0] [cxt 0] Bytes parsed: 14
[07:21:45.322] [bmv2] [T] [thread 5883] [22.0] [cxt 0] Skipping checksum 'cksum' verification because target field invalid
[07:21:45.322] [bmv2] [D] [thread 5883] [22.0] [cxt 0] Parser 'parser': end
[07:21:45.322] [bmv2] [D] [thread 5883] [22.0] [cxt 0] Pipeline 'ingress': start
[07:21:45.322] [bmv2] [T] [thread 5883] [22.0] [cxt 0] ip-source-guard.p4(147) Condition "hdr.ipv4.isValid()" (node_2) is false
[07:21:45.322] [bmv2] [D] [thread 5883] [22.0] [cxt 0] Pipeline 'ingress': end
[07:21:45.322] [bmv2] [D] [thread 5883] [22.0] [cxt 0] Egress port is 0
[07:21:45.322] [bmv2] [D] [thread 5884] [22.0] [cxt 0] Pipeline 'egress': start
[07:21:45.322] [bmv2] [D] [thread 5884] [22.0] [cxt 0] Pipeline 'egress': end
[07:21:45.322] [bmv2] [D] [thread 5884] [22.0] [cxt 0] Deparser 'deparser': start
[07:21:45.322] [bmv2] [T] [thread 5884] [22.0] [cxt 0] Skipping checksum 'cksum' update because condition not met
[07:21:45.322] [bmv2] [D] [thread 5884] [22.0] [cxt 0] Deparsing header 'ethernet'
[07:21:45.322] [bmv2] [D] [thread 5884] [22.0] [cxt 0] Deparser 'deparser': end
[07:21:45.322] [bmv2] [D] [thread 5888] [22.0] [cxt 0] Transmitting packet of size 196 out of port 0
[07:21:45.345] [bmv2] [D] [thread 5883] [23.0] [cxt 0] Processing packet received on port 2
[07:21:45.345] [bmv2] [D] [thread 5883] [23.0] [cxt 0] Parser 'parser': start
[07:21:45.345] [bmv2] [D] [thread 5883] [23.0] [cxt 0] Parser 'parser' entering state 'start'
[07:21:45.345] [bmv2] [D] [thread 5883] [23.0] [cxt 0] Extracting header 'ethernet'
[07:21:45.345] [bmv2] [D] [thread 5883] [23.0] [cxt 0] Parser state 'start': key is 86dd
[07:21:45.345] [bmv2] [T] [thread 5883] [23.0] [cxt 0] Bytes parsed: 14
[07:21:45.345] [bmv2] [T] [thread 5883] [23.0] [cxt 0] Skipping checksum 'cksum' verification because target field invalid
[07:21:45.345] [bmv2] [D] [thread 5883] [23.0] [cxt 0] Parser 'parser': end
[07:21:45.345] [bmv2] [D] [thread 5883] [23.0] [cxt 0] Pipeline 'ingress': start
[07:21:45.345] [bmv2] [T] [thread 5883] [23.0] [cxt 0] ip-source-guard.p4(147) Condition "hdr.ipv4.isValid()" (node_2) is false
[07:21:45.346] [bmv2] [D] [thread 5883] [23.0] [cxt 0] Pipeline 'ingress': end
[07:21:45.346] [bmv2] [D] [thread 5883] [23.0] [cxt 0] Egress port is 0
[07:21:45.346] [bmv2] [D] [thread 5884] [23.0] [cxt 0] Pipeline 'egress': start
[07:21:45.346] [bmv2] [D] [thread 5884] [23.0] [cxt 0] Pipeline 'egress': end
[07:21:45.346] [bmv2] [D] [thread 5884] [23.0] [cxt 0] Deparser 'deparser': start
[07:21:45.346] [bmv2] [T] [thread 5884] [23.0] [cxt 0] Skipping checksum 'cksum' update because condition not met
[07:21:45.346] [bmv2] [D] [thread 5884] [23.0] [cxt 0] Deparsing header 'ethernet'
[07:21:45.346] [bmv2] [D] [thread 5884] [23.0] [cxt 0] Deparser 'deparser': end
[07:21:45.346] [bmv2] [D] [thread 5888] [23.0] [cxt 0] Transmitting packet of size 203 out of port 0
[07:21:45.374] [bmv2] [D] [thread 5883] [24.0] [cxt 0] Processing packet received on port 2
[07:21:45.374] [bmv2] [D] [thread 5883] [24.0] [cxt 0] Parser 'parser': start
[07:21:45.374] [bmv2] [D] [thread 5883] [24.0] [cxt 0] Parser 'parser' entering state 'start'
[07:21:45.374] [bmv2] [D] [thread 5883] [24.0] [cxt 0] Extracting header 'ethernet'
[07:21:45.374] [bmv2] [D] [thread 5883] [24.0] [cxt 0] Parser state 'start': key is 86dd
[07:21:45.374] [bmv2] [T] [thread 5883] [24.0] [cxt 0] Bytes parsed: 14
[07:21:45.374] [bmv2] [T] [thread 5883] [24.0] [cxt 0] Skipping checksum 'cksum' verification because target field invalid
[07:21:45.374] [bmv2] [D] [thread 5883] [24.0] [cxt 0] Parser 'parser': end
[07:21:45.374] [bmv2] [D] [thread 5883] [24.0] [cxt 0] Pipeline 'ingress': start
[07:21:45.375] [bmv2] [T] [thread 5883] [24.0] [cxt 0] ip-source-guard.p4(147) Condition "hdr.ipv4.isValid()" (node_2) is false
[07:21:45.375] [bmv2] [D] [thread 5883] [24.0] [cxt 0] Pipeline 'ingress': end
[07:21:45.375] [bmv2] [D] [thread 5883] [24.0] [cxt 0] Egress port is 0
[07:21:45.375] [bmv2] [D] [thread 5884] [24.0] [cxt 0] Pipeline 'egress': start
[07:21:45.375] [bmv2] [D] [thread 5884] [24.0] [cxt 0] Pipeline 'egress': end
[07:21:45.375] [bmv2] [D] [thread 5884] [24.0] [cxt 0] Deparser 'deparser': start
[07:21:45.375] [bmv2] [T] [thread 5884] [24.0] [cxt 0] Skipping checksum 'cksum' update because condition not met
[07:21:45.375] [bmv2] [D] [thread 5884] [24.0] [cxt 0] Deparsing header 'ethernet'
[07:21:45.375] [bmv2] [D] [thread 5884] [24.0] [cxt 0] Deparser 'deparser': end
[07:21:45.375] [bmv2] [D] [thread 5888] [24.0] [cxt 0] Transmitting packet of size 110 out of port 0
[07:21:45.494] [bmv2] [D] [thread 5883] [25.0] [cxt 0] Processing packet received on port 1
[07:21:45.494] [bmv2] [D] [thread 5883] [25.0] [cxt 0] Parser 'parser': start
[07:21:45.494] [bmv2] [D] [thread 5883] [25.0] [cxt 0] Parser 'parser' entering state 'start'
[07:21:45.494] [bmv2] [D] [thread 5883] [25.0] [cxt 0] Extracting header 'ethernet'
[07:21:45.494] [bmv2] [D] [thread 5883] [25.0] [cxt 0] Parser state 'start': key is 86dd
[07:21:45.494] [bmv2] [T] [thread 5883] [25.0] [cxt 0] Bytes parsed: 14
[07:21:45.494] [bmv2] [T] [thread 5883] [25.0] [cxt 0] Skipping checksum 'cksum' verification because target field invalid
[07:21:45.494] [bmv2] [D] [thread 5883] [25.0] [cxt 0] Parser 'parser': end
[07:21:45.494] [bmv2] [D] [thread 5883] [25.0] [cxt 0] Pipeline 'ingress': start
[07:21:45.494] [bmv2] [T] [thread 5883] [25.0] [cxt 0] ip-source-guard.p4(147) Condition "hdr.ipv4.isValid()" (node_2) is false
[07:21:45.494] [bmv2] [D] [thread 5883] [25.0] [cxt 0] Pipeline 'ingress': end
[07:21:45.494] [bmv2] [D] [thread 5883] [25.0] [cxt 0] Egress port is 0
[07:21:45.494] [bmv2] [D] [thread 5884] [25.0] [cxt 0] Pipeline 'egress': start
[07:21:45.494] [bmv2] [D] [thread 5884] [25.0] [cxt 0] Pipeline 'egress': end
[07:21:45.494] [bmv2] [D] [thread 5884] [25.0] [cxt 0] Deparser 'deparser': start
[07:21:45.494] [bmv2] [T] [thread 5884] [25.0] [cxt 0] Skipping checksum 'cksum' update because condition not met
[07:21:45.494] [bmv2] [D] [thread 5884] [25.0] [cxt 0] Deparsing header 'ethernet'
[07:21:45.494] [bmv2] [D] [thread 5884] [25.0] [cxt 0] Deparser 'deparser': end
[07:21:45.494] [bmv2] [D] [thread 5888] [25.0] [cxt 0] Transmitting packet of size 203 out of port 0
[07:21:46.355] [bmv2] [D] [thread 5883] [26.0] [cxt 0] Processing packet received on port 2
[07:21:46.355] [bmv2] [D] [thread 5883] [26.0] [cxt 0] Parser 'parser': start
[07:21:46.355] [bmv2] [D] [thread 5883] [26.0] [cxt 0] Parser 'parser' entering state 'start'
[07:21:46.355] [bmv2] [D] [thread 5883] [26.0] [cxt 0] Extracting header 'ethernet'
[07:21:46.355] [bmv2] [D] [thread 5883] [26.0] [cxt 0] Parser state 'start': key is 86dd
[07:21:46.355] [bmv2] [T] [thread 5883] [26.0] [cxt 0] Bytes parsed: 14
[07:21:46.355] [bmv2] [T] [thread 5883] [26.0] [cxt 0] Skipping checksum 'cksum' verification because target field invalid
[07:21:46.355] [bmv2] [D] [thread 5883] [26.0] [cxt 0] Parser 'parser': end
[07:21:46.355] [bmv2] [D] [thread 5883] [26.0] [cxt 0] Pipeline 'ingress': start
[07:21:46.355] [bmv2] [T] [thread 5883] [26.0] [cxt 0] ip-source-guard.p4(147) Condition "hdr.ipv4.isValid()" (node_2) is false
[07:21:46.355] [bmv2] [D] [thread 5883] [26.0] [cxt 0] Pipeline 'ingress': end
[07:21:46.355] [bmv2] [D] [thread 5883] [26.0] [cxt 0] Egress port is 0
[07:21:46.355] [bmv2] [D] [thread 5884] [26.0] [cxt 0] Pipeline 'egress': start
[07:21:46.355] [bmv2] [D] [thread 5884] [26.0] [cxt 0] Pipeline 'egress': end
[07:21:46.355] [bmv2] [D] [thread 5884] [26.0] [cxt 0] Deparser 'deparser': start
[07:21:46.355] [bmv2] [T] [thread 5884] [26.0] [cxt 0] Skipping checksum 'cksum' update because condition not met
[07:21:46.355] [bmv2] [D] [thread 5884] [26.0] [cxt 0] Deparsing header 'ethernet'
[07:21:46.355] [bmv2] [D] [thread 5884] [26.0] [cxt 0] Deparser 'deparser': end
[07:21:46.355] [bmv2] [D] [thread 5888] [26.0] [cxt 0] Transmitting packet of size 196 out of port 0
[07:21:46.499] [bmv2] [D] [thread 5883] [27.0] [cxt 0] Processing packet received on port 1
[07:21:46.499] [bmv2] [D] [thread 5883] [27.0] [cxt 0] Parser 'parser': start
[07:21:46.499] [bmv2] [D] [thread 5883] [27.0] [cxt 0] Parser 'parser' entering state 'start'
[07:21:46.499] [bmv2] [D] [thread 5883] [27.0] [cxt 0] Extracting header 'ethernet'
[07:21:46.500] [bmv2] [D] [thread 5883] [27.0] [cxt 0] Parser state 'start': key is 86dd
[07:21:46.500] [bmv2] [T] [thread 5883] [27.0] [cxt 0] Bytes parsed: 14
[07:21:46.500] [bmv2] [T] [thread 5883] [27.0] [cxt 0] Skipping checksum 'cksum' verification because target field invalid
[07:21:46.500] [bmv2] [D] [thread 5883] [27.0] [cxt 0] Parser 'parser': end
[07:21:46.500] [bmv2] [D] [thread 5883] [27.0] [cxt 0] Pipeline 'ingress': start
[07:21:46.500] [bmv2] [T] [thread 5883] [27.0] [cxt 0] ip-source-guard.p4(147) Condition "hdr.ipv4.isValid()" (node_2) is false
[07:21:46.500] [bmv2] [D] [thread 5883] [27.0] [cxt 0] Pipeline 'ingress': end
[07:21:46.500] [bmv2] [D] [thread 5883] [27.0] [cxt 0] Egress port is 0
[07:21:46.500] [bmv2] [D] [thread 5884] [27.0] [cxt 0] Pipeline 'egress': start
[07:21:46.500] [bmv2] [D] [thread 5884] [27.0] [cxt 0] Pipeline 'egress': end
[07:21:46.500] [bmv2] [D] [thread 5884] [27.0] [cxt 0] Deparser 'deparser': start
[07:21:46.500] [bmv2] [T] [thread 5884] [27.0] [cxt 0] Skipping checksum 'cksum' update because condition not met
[07:21:46.500] [bmv2] [D] [thread 5884] [27.0] [cxt 0] Deparsing header 'ethernet'
[07:21:46.500] [bmv2] [D] [thread 5884] [27.0] [cxt 0] Deparser 'deparser': end
[07:21:46.500] [bmv2] [D] [thread 5888] [27.0] [cxt 0] Transmitting packet of size 196 out of port 0
[07:21:47.346] [bmv2] [D] [thread 5883] [28.0] [cxt 0] Processing packet received on port 2
[07:21:47.346] [bmv2] [D] [thread 5883] [28.0] [cxt 0] Parser 'parser': start
[07:21:47.346] [bmv2] [D] [thread 5883] [28.0] [cxt 0] Parser 'parser' entering state 'start'
[07:21:47.347] [bmv2] [D] [thread 5883] [28.0] [cxt 0] Extracting header 'ethernet'
[07:21:47.347] [bmv2] [D] [thread 5883] [28.0] [cxt 0] Parser state 'start': key is 86dd
[07:21:47.347] [bmv2] [T] [thread 5883] [28.0] [cxt 0] Bytes parsed: 14
[07:21:47.347] [bmv2] [T] [thread 5883] [28.0] [cxt 0] Skipping checksum 'cksum' verification because target field invalid
[07:21:47.347] [bmv2] [D] [thread 5883] [28.0] [cxt 0] Parser 'parser': end
[07:21:47.347] [bmv2] [D] [thread 5883] [28.0] [cxt 0] Pipeline 'ingress': start
[07:21:47.347] [bmv2] [T] [thread 5883] [28.0] [cxt 0] ip-source-guard.p4(147) Condition "hdr.ipv4.isValid()" (node_2) is false
[07:21:47.347] [bmv2] [D] [thread 5883] [28.0] [cxt 0] Pipeline 'ingress': end
[07:21:47.347] [bmv2] [D] [thread 5883] [28.0] [cxt 0] Egress port is 0
[07:21:47.347] [bmv2] [D] [thread 5884] [28.0] [cxt 0] Pipeline 'egress': start
[07:21:47.347] [bmv2] [D] [thread 5884] [28.0] [cxt 0] Pipeline 'egress': end
[07:21:47.347] [bmv2] [D] [thread 5884] [28.0] [cxt 0] Deparser 'deparser': start
[07:21:47.347] [bmv2] [T] [thread 5884] [28.0] [cxt 0] Skipping checksum 'cksum' update because condition not met
[07:21:47.347] [bmv2] [D] [thread 5884] [28.0] [cxt 0] Deparsing header 'ethernet'
[07:21:47.347] [bmv2] [D] [thread 5884] [28.0] [cxt 0] Deparser 'deparser': end
[07:21:47.347] [bmv2] [D] [thread 5888] [28.0] [cxt 0] Transmitting packet of size 203 out of port 0
[07:21:47.496] [bmv2] [D] [thread 5883] [29.0] [cxt 0] Processing packet received on port 1
[07:21:47.496] [bmv2] [D] [thread 5883] [29.0] [cxt 0] Parser 'parser': start
[07:21:47.496] [bmv2] [D] [thread 5883] [29.0] [cxt 0] Parser 'parser' entering state 'start'
[07:21:47.496] [bmv2] [D] [thread 5883] [29.0] [cxt 0] Extracting header 'ethernet'
[07:21:47.496] [bmv2] [D] [thread 5883] [29.0] [cxt 0] Parser state 'start': key is 86dd
[07:21:47.496] [bmv2] [T] [thread 5883] [29.0] [cxt 0] Bytes parsed: 14
[07:21:47.496] [bmv2] [T] [thread 5883] [29.0] [cxt 0] Skipping checksum 'cksum' verification because target field invalid
[07:21:47.496] [bmv2] [D] [thread 5883] [29.0] [cxt 0] Parser 'parser': end
[07:21:47.496] [bmv2] [D] [thread 5883] [29.0] [cxt 0] Pipeline 'ingress': start
[07:21:47.496] [bmv2] [T] [thread 5883] [29.0] [cxt 0] ip-source-guard.p4(147) Condition "hdr.ipv4.isValid()" (node_2) is false
[07:21:47.496] [bmv2] [D] [thread 5883] [29.0] [cxt 0] Pipeline 'ingress': end
[07:21:47.496] [bmv2] [D] [thread 5883] [29.0] [cxt 0] Egress port is 0
[07:21:47.496] [bmv2] [D] [thread 5884] [29.0] [cxt 0] Pipeline 'egress': start
[07:21:47.496] [bmv2] [D] [thread 5884] [29.0] [cxt 0] Pipeline 'egress': end
[07:21:47.496] [bmv2] [D] [thread 5884] [29.0] [cxt 0] Deparser 'deparser': start
[07:21:47.496] [bmv2] [T] [thread 5884] [29.0] [cxt 0] Skipping checksum 'cksum' update because condition not met
[07:21:47.496] [bmv2] [D] [thread 5884] [29.0] [cxt 0] Deparsing header 'ethernet'
[07:21:47.496] [bmv2] [D] [thread 5884] [29.0] [cxt 0] Deparser 'deparser': end
[07:21:47.496] [bmv2] [D] [thread 5888] [29.0] [cxt 0] Transmitting packet of size 203 out of port 0
[07:21:48.246] [bmv2] [D] [thread 5883] [30.0] [cxt 0] Processing packet received on port 2
[07:21:48.246] [bmv2] [D] [thread 5883] [30.0] [cxt 0] Parser 'parser': start
[07:21:48.246] [bmv2] [D] [thread 5883] [30.0] [cxt 0] Parser 'parser' entering state 'start'
[07:21:48.246] [bmv2] [D] [thread 5883] [30.0] [cxt 0] Extracting header 'ethernet'
[07:21:48.246] [bmv2] [D] [thread 5883] [30.0] [cxt 0] Parser state 'start': key is 86dd
[07:21:48.246] [bmv2] [T] [thread 5883] [30.0] [cxt 0] Bytes parsed: 14
[07:21:48.246] [bmv2] [T] [thread 5883] [30.0] [cxt 0] Skipping checksum 'cksum' verification because target field invalid
[07:21:48.246] [bmv2] [D] [thread 5883] [30.0] [cxt 0] Parser 'parser': end
[07:21:48.246] [bmv2] [D] [thread 5883] [30.0] [cxt 0] Pipeline 'ingress': start
[07:21:48.246] [bmv2] [T] [thread 5883] [30.0] [cxt 0] ip-source-guard.p4(147) Condition "hdr.ipv4.isValid()" (node_2) is false
[07:21:48.246] [bmv2] [D] [thread 5883] [30.0] [cxt 0] Pipeline 'ingress': end
[07:21:48.246] [bmv2] [D] [thread 5883] [30.0] [cxt 0] Egress port is 0
[07:21:48.246] [bmv2] [D] [thread 5884] [30.0] [cxt 0] Pipeline 'egress': start
[07:21:48.246] [bmv2] [D] [thread 5884] [30.0] [cxt 0] Pipeline 'egress': end
[07:21:48.246] [bmv2] [D] [thread 5884] [30.0] [cxt 0] Deparser 'deparser': start
[07:21:48.246] [bmv2] [T] [thread 5884] [30.0] [cxt 0] Skipping checksum 'cksum' update because condition not met
[07:21:48.246] [bmv2] [D] [thread 5884] [30.0] [cxt 0] Deparsing header 'ethernet'
[07:21:48.246] [bmv2] [D] [thread 5884] [30.0] [cxt 0] Deparser 'deparser': end
[07:21:48.246] [bmv2] [D] [thread 5888] [30.0] [cxt 0] Transmitting packet of size 70 out of port 0
[07:21:48.398] [bmv2] [D] [thread 5883] [31.0] [cxt 0] Processing packet received on port 1
[07:21:48.398] [bmv2] [D] [thread 5883] [31.0] [cxt 0] Parser 'parser': start
[07:21:48.398] [bmv2] [D] [thread 5883] [31.0] [cxt 0] Parser 'parser' entering state 'start'
[07:21:48.398] [bmv2] [D] [thread 5883] [31.0] [cxt 0] Extracting header 'ethernet'
[07:21:48.398] [bmv2] [D] [thread 5883] [31.0] [cxt 0] Parser state 'start': key is 86dd
[07:21:48.398] [bmv2] [T] [thread 5883] [31.0] [cxt 0] Bytes parsed: 14
[07:21:48.398] [bmv2] [T] [thread 5883] [31.0] [cxt 0] Skipping checksum 'cksum' verification because target field invalid
[07:21:48.398] [bmv2] [D] [thread 5883] [31.0] [cxt 0] Parser 'parser': end
[07:21:48.398] [bmv2] [D] [thread 5883] [31.0] [cxt 0] Pipeline 'ingress': start
[07:21:48.398] [bmv2] [T] [thread 5883] [31.0] [cxt 0] ip-source-guard.p4(147) Condition "hdr.ipv4.isValid()" (node_2) is false
[07:21:48.398] [bmv2] [D] [thread 5883] [31.0] [cxt 0] Pipeline 'ingress': end
[07:21:48.398] [bmv2] [D] [thread 5883] [31.0] [cxt 0] Egress port is 0
[07:21:48.398] [bmv2] [D] [thread 5884] [31.0] [cxt 0] Pipeline 'egress': start
[07:21:48.398] [bmv2] [D] [thread 5884] [31.0] [cxt 0] Pipeline 'egress': end
[07:21:48.398] [bmv2] [D] [thread 5884] [31.0] [cxt 0] Deparser 'deparser': start
[07:21:48.398] [bmv2] [T] [thread 5884] [31.0] [cxt 0] Skipping checksum 'cksum' update because condition not met
[07:21:48.398] [bmv2] [D] [thread 5884] [31.0] [cxt 0] Deparsing header 'ethernet'
[07:21:48.398] [bmv2] [D] [thread 5884] [31.0] [cxt 0] Deparser 'deparser': end
[07:21:48.399] [bmv2] [D] [thread 5888] [31.0] [cxt 0] Transmitting packet of size 70 out of port 0
[07:21:48.533] [bmv2] [D] [thread 5883] [32.0] [cxt 0] Processing packet received on port 2
[07:21:48.533] [bmv2] [D] [thread 5883] [32.0] [cxt 0] Parser 'parser': start
[07:21:48.533] [bmv2] [D] [thread 5883] [32.0] [cxt 0] Parser 'parser' entering state 'start'
[07:21:48.533] [bmv2] [D] [thread 5883] [32.0] [cxt 0] Extracting header 'ethernet'
[07:21:48.534] [bmv2] [D] [thread 5883] [32.0] [cxt 0] Parser state 'start': key is 86dd
[07:21:48.534] [bmv2] [T] [thread 5883] [32.0] [cxt 0] Bytes parsed: 14
[07:21:48.534] [bmv2] [T] [thread 5883] [32.0] [cxt 0] Skipping checksum 'cksum' verification because target field invalid
[07:21:48.534] [bmv2] [D] [thread 5883] [32.0] [cxt 0] Parser 'parser': end
[07:21:48.534] [bmv2] [D] [thread 5883] [32.0] [cxt 0] Pipeline 'ingress': start
[07:21:48.534] [bmv2] [T] [thread 5883] [32.0] [cxt 0] ip-source-guard.p4(147) Condition "hdr.ipv4.isValid()" (node_2) is false
[07:21:48.534] [bmv2] [D] [thread 5883] [32.0] [cxt 0] Pipeline 'ingress': end
[07:21:48.534] [bmv2] [D] [thread 5883] [32.0] [cxt 0] Egress port is 0
[07:21:48.534] [bmv2] [D] [thread 5884] [32.0] [cxt 0] Pipeline 'egress': start
[07:21:48.534] [bmv2] [D] [thread 5884] [32.0] [cxt 0] Pipeline 'egress': end
[07:21:48.534] [bmv2] [D] [thread 5884] [32.0] [cxt 0] Deparser 'deparser': start
[07:21:48.534] [bmv2] [T] [thread 5884] [32.0] [cxt 0] Skipping checksum 'cksum' update because condition not met
[07:21:48.534] [bmv2] [D] [thread 5884] [32.0] [cxt 0] Deparsing header 'ethernet'
[07:21:48.534] [bmv2] [D] [thread 5884] [32.0] [cxt 0] Deparser 'deparser': end
[07:21:48.534] [bmv2] [D] [thread 5888] [32.0] [cxt 0] Transmitting packet of size 196 out of port 0
[07:21:48.677] [bmv2] [D] [thread 5883] [33.0] [cxt 0] Processing packet received on port 1
[07:21:48.677] [bmv2] [D] [thread 5883] [33.0] [cxt 0] Parser 'parser': start
[07:21:48.677] [bmv2] [D] [thread 5883] [33.0] [cxt 0] Parser 'parser' entering state 'start'
[07:21:48.677] [bmv2] [D] [thread 5883] [33.0] [cxt 0] Extracting header 'ethernet'
[07:21:48.677] [bmv2] [D] [thread 5883] [33.0] [cxt 0] Parser state 'start': key is 86dd
[07:21:48.677] [bmv2] [T] [thread 5883] [33.0] [cxt 0] Bytes parsed: 14
[07:21:48.677] [bmv2] [T] [thread 5883] [33.0] [cxt 0] Skipping checksum 'cksum' verification because target field invalid
[07:21:48.677] [bmv2] [D] [thread 5883] [33.0] [cxt 0] Parser 'parser': end
[07:21:48.677] [bmv2] [D] [thread 5883] [33.0] [cxt 0] Pipeline 'ingress': start
[07:21:48.677] [bmv2] [T] [thread 5883] [33.0] [cxt 0] ip-source-guard.p4(147) Condition "hdr.ipv4.isValid()" (node_2) is false
[07:21:48.677] [bmv2] [D] [thread 5883] [33.0] [cxt 0] Pipeline 'ingress': end
[07:21:48.677] [bmv2] [D] [thread 5883] [33.0] [cxt 0] Egress port is 0
[07:21:48.677] [bmv2] [D] [thread 5884] [33.0] [cxt 0] Pipeline 'egress': start
[07:21:48.677] [bmv2] [D] [thread 5884] [33.0] [cxt 0] Pipeline 'egress': end
[07:21:48.677] [bmv2] [D] [thread 5884] [33.0] [cxt 0] Deparser 'deparser': start
[07:21:48.677] [bmv2] [T] [thread 5884] [33.0] [cxt 0] Skipping checksum 'cksum' update because condition not met
[07:21:48.677] [bmv2] [D] [thread 5884] [33.0] [cxt 0] Deparsing header 'ethernet'
[07:21:48.677] [bmv2] [D] [thread 5884] [33.0] [cxt 0] Deparser 'deparser': end
[07:21:48.677] [bmv2] [D] [thread 5888] [33.0] [cxt 0] Transmitting packet of size 196 out of port 0
[07:21:51.348] [bmv2] [D] [thread 5883] [34.0] [cxt 0] Processing packet received on port 2
[07:21:51.348] [bmv2] [D] [thread 5883] [34.0] [cxt 0] Parser 'parser': start
[07:21:51.348] [bmv2] [D] [thread 5883] [34.0] [cxt 0] Parser 'parser' entering state 'start'
[07:21:51.348] [bmv2] [D] [thread 5883] [34.0] [cxt 0] Extracting header 'ethernet'
[07:21:51.348] [bmv2] [D] [thread 5883] [34.0] [cxt 0] Parser state 'start': key is 86dd
[07:21:51.348] [bmv2] [T] [thread 5883] [34.0] [cxt 0] Bytes parsed: 14
[07:21:51.348] [bmv2] [T] [thread 5883] [34.0] [cxt 0] Skipping checksum 'cksum' verification because target field invalid
[07:21:51.348] [bmv2] [D] [thread 5883] [34.0] [cxt 0] Parser 'parser': end
[07:21:51.348] [bmv2] [D] [thread 5883] [34.0] [cxt 0] Pipeline 'ingress': start
[07:21:51.348] [bmv2] [T] [thread 5883] [34.0] [cxt 0] ip-source-guard.p4(147) Condition "hdr.ipv4.isValid()" (node_2) is false
[07:21:51.348] [bmv2] [D] [thread 5883] [34.0] [cxt 0] Pipeline 'ingress': end
[07:21:51.348] [bmv2] [D] [thread 5883] [34.0] [cxt 0] Egress port is 0
[07:21:51.348] [bmv2] [D] [thread 5884] [34.0] [cxt 0] Pipeline 'egress': start
[07:21:51.348] [bmv2] [D] [thread 5884] [34.0] [cxt 0] Pipeline 'egress': end
[07:21:51.348] [bmv2] [D] [thread 5884] [34.0] [cxt 0] Deparser 'deparser': start
[07:21:51.349] [bmv2] [T] [thread 5884] [34.0] [cxt 0] Skipping checksum 'cksum' update because condition not met
[07:21:51.349] [bmv2] [D] [thread 5884] [34.0] [cxt 0] Deparsing header 'ethernet'
[07:21:51.349] [bmv2] [D] [thread 5884] [34.0] [cxt 0] Deparser 'deparser': end
[07:21:51.349] [bmv2] [D] [thread 5888] [34.0] [cxt 0] Transmitting packet of size 203 out of port 0
[07:21:51.499] [bmv2] [D] [thread 5883] [35.0] [cxt 0] Processing packet received on port 1
[07:21:51.499] [bmv2] [D] [thread 5883] [35.0] [cxt 0] Parser 'parser': start
[07:21:51.499] [bmv2] [D] [thread 5883] [35.0] [cxt 0] Parser 'parser' entering state 'start'
[07:21:51.499] [bmv2] [D] [thread 5883] [35.0] [cxt 0] Extracting header 'ethernet'
[07:21:51.499] [bmv2] [D] [thread 5883] [35.0] [cxt 0] Parser state 'start': key is 86dd
[07:21:51.499] [bmv2] [T] [thread 5883] [35.0] [cxt 0] Bytes parsed: 14
[07:21:51.499] [bmv2] [T] [thread 5883] [35.0] [cxt 0] Skipping checksum 'cksum' verification because target field invalid
[07:21:51.499] [bmv2] [D] [thread 5883] [35.0] [cxt 0] Parser 'parser': end
[07:21:51.499] [bmv2] [D] [thread 5883] [35.0] [cxt 0] Pipeline 'ingress': start
[07:21:51.499] [bmv2] [T] [thread 5883] [35.0] [cxt 0] ip-source-guard.p4(147) Condition "hdr.ipv4.isValid()" (node_2) is false
[07:21:51.499] [bmv2] [D] [thread 5883] [35.0] [cxt 0] Pipeline 'ingress': end
[07:21:51.499] [bmv2] [D] [thread 5883] [35.0] [cxt 0] Egress port is 0
[07:21:51.499] [bmv2] [D] [thread 5884] [35.0] [cxt 0] Pipeline 'egress': start
[07:21:51.499] [bmv2] [D] [thread 5884] [35.0] [cxt 0] Pipeline 'egress': end
[07:21:51.499] [bmv2] [D] [thread 5884] [35.0] [cxt 0] Deparser 'deparser': start
[07:21:51.499] [bmv2] [T] [thread 5884] [35.0] [cxt 0] Skipping checksum 'cksum' update because condition not met
[07:21:51.499] [bmv2] [D] [thread 5884] [35.0] [cxt 0] Deparsing header 'ethernet'
[07:21:51.499] [bmv2] [D] [thread 5884] [35.0] [cxt 0] Deparser 'deparser': end
[07:21:51.499] [bmv2] [D] [thread 5888] [35.0] [cxt 0] Transmitting packet of size 203 out of port 0
[07:21:52.254] [bmv2] [D] [thread 5883] [36.0] [cxt 0] Processing packet received on port 2
[07:21:52.254] [bmv2] [D] [thread 5883] [36.0] [cxt 0] Parser 'parser': start
[07:21:52.254] [bmv2] [D] [thread 5883] [36.0] [cxt 0] Parser 'parser' entering state 'start'
[07:21:52.254] [bmv2] [D] [thread 5883] [36.0] [cxt 0] Extracting header 'ethernet'
[07:21:52.254] [bmv2] [D] [thread 5883] [36.0] [cxt 0] Parser state 'start': key is 86dd
[07:21:52.254] [bmv2] [T] [thread 5883] [36.0] [cxt 0] Bytes parsed: 14
[07:21:52.254] [bmv2] [T] [thread 5883] [36.0] [cxt 0] Skipping checksum 'cksum' verification because target field invalid
[07:21:52.254] [bmv2] [D] [thread 5883] [36.0] [cxt 0] Parser 'parser': end
[07:21:52.254] [bmv2] [D] [thread 5883] [36.0] [cxt 0] Pipeline 'ingress': start
[07:21:52.254] [bmv2] [T] [thread 5883] [36.0] [cxt 0] ip-source-guard.p4(147) Condition "hdr.ipv4.isValid()" (node_2) is false
[07:21:52.254] [bmv2] [D] [thread 5883] [36.0] [cxt 0] Pipeline 'ingress': end
[07:21:52.254] [bmv2] [D] [thread 5883] [36.0] [cxt 0] Egress port is 0
[07:21:52.254] [bmv2] [D] [thread 5884] [36.0] [cxt 0] Pipeline 'egress': start
[07:21:52.254] [bmv2] [D] [thread 5884] [36.0] [cxt 0] Pipeline 'egress': end
[07:21:52.254] [bmv2] [D] [thread 5884] [36.0] [cxt 0] Deparser 'deparser': start
[07:21:52.254] [bmv2] [T] [thread 5884] [36.0] [cxt 0] Skipping checksum 'cksum' update because condition not met
[07:21:52.254] [bmv2] [D] [thread 5884] [36.0] [cxt 0] Deparsing header 'ethernet'
[07:21:52.254] [bmv2] [D] [thread 5884] [36.0] [cxt 0] Deparser 'deparser': end
[07:21:52.254] [bmv2] [D] [thread 5888] [36.0] [cxt 0] Transmitting packet of size 70 out of port 0
[07:21:52.406] [bmv2] [D] [thread 5883] [37.0] [cxt 0] Processing packet received on port 1
[07:21:52.406] [bmv2] [D] [thread 5883] [37.0] [cxt 0] Parser 'parser': start
[07:21:52.406] [bmv2] [D] [thread 5883] [37.0] [cxt 0] Parser 'parser' entering state 'start'
[07:21:52.406] [bmv2] [D] [thread 5883] [37.0] [cxt 0] Extracting header 'ethernet'
[07:21:52.406] [bmv2] [D] [thread 5883] [37.0] [cxt 0] Parser state 'start': key is 86dd
[07:21:52.406] [bmv2] [T] [thread 5883] [37.0] [cxt 0] Bytes parsed: 14
[07:21:52.406] [bmv2] [T] [thread 5883] [37.0] [cxt 0] Skipping checksum 'cksum' verification because target field invalid
[07:21:52.406] [bmv2] [D] [thread 5883] [37.0] [cxt 0] Parser 'parser': end
[07:21:52.406] [bmv2] [D] [thread 5883] [37.0] [cxt 0] Pipeline 'ingress': start
[07:21:52.406] [bmv2] [T] [thread 5883] [37.0] [cxt 0] ip-source-guard.p4(147) Condition "hdr.ipv4.isValid()" (node_2) is false
[07:21:52.407] [bmv2] [D] [thread 5883] [37.0] [cxt 0] Pipeline 'ingress': end
[07:21:52.407] [bmv2] [D] [thread 5883] [37.0] [cxt 0] Egress port is 0
[07:21:52.407] [bmv2] [D] [thread 5884] [37.0] [cxt 0] Pipeline 'egress': start
[07:21:52.407] [bmv2] [D] [thread 5884] [37.0] [cxt 0] Pipeline 'egress': end
[07:21:52.407] [bmv2] [D] [thread 5884] [37.0] [cxt 0] Deparser 'deparser': start
[07:21:52.407] [bmv2] [T] [thread 5884] [37.0] [cxt 0] Skipping checksum 'cksum' update because condition not met
[07:21:52.407] [bmv2] [D] [thread 5884] [37.0] [cxt 0] Deparsing header 'ethernet'
[07:21:52.407] [bmv2] [D] [thread 5884] [37.0] [cxt 0] Deparser 'deparser': end
[07:21:52.407] [bmv2] [D] [thread 5888] [37.0] [cxt 0] Transmitting packet of size 70 out of port 0
[07:21:59.355] [bmv2] [D] [thread 5883] [38.0] [cxt 0] Processing packet received on port 2
[07:21:59.355] [bmv2] [D] [thread 5883] [38.0] [cxt 0] Parser 'parser': start
[07:21:59.355] [bmv2] [D] [thread 5883] [38.0] [cxt 0] Parser 'parser' entering state 'start'
[07:21:59.355] [bmv2] [D] [thread 5883] [38.0] [cxt 0] Extracting header 'ethernet'
[07:21:59.355] [bmv2] [D] [thread 5883] [38.0] [cxt 0] Parser state 'start': key is 86dd
[07:21:59.355] [bmv2] [T] [thread 5883] [38.0] [cxt 0] Bytes parsed: 14
[07:21:59.355] [bmv2] [T] [thread 5883] [38.0] [cxt 0] Skipping checksum 'cksum' verification because target field invalid
[07:21:59.355] [bmv2] [D] [thread 5883] [38.0] [cxt 0] Parser 'parser': end
[07:21:59.355] [bmv2] [D] [thread 5883] [38.0] [cxt 0] Pipeline 'ingress': start
[07:21:59.355] [bmv2] [T] [thread 5883] [38.0] [cxt 0] ip-source-guard.p4(147) Condition "hdr.ipv4.isValid()" (node_2) is false
[07:21:59.355] [bmv2] [D] [thread 5883] [38.0] [cxt 0] Pipeline 'ingress': end
[07:21:59.355] [bmv2] [D] [thread 5883] [38.0] [cxt 0] Egress port is 0
[07:21:59.356] [bmv2] [D] [thread 5884] [38.0] [cxt 0] Pipeline 'egress': start
[07:21:59.356] [bmv2] [D] [thread 5884] [38.0] [cxt 0] Pipeline 'egress': end
[07:21:59.356] [bmv2] [D] [thread 5884] [38.0] [cxt 0] Deparser 'deparser': start
[07:21:59.356] [bmv2] [T] [thread 5884] [38.0] [cxt 0] Skipping checksum 'cksum' update because condition not met
[07:21:59.356] [bmv2] [D] [thread 5884] [38.0] [cxt 0] Deparsing header 'ethernet'
[07:21:59.356] [bmv2] [D] [thread 5884] [38.0] [cxt 0] Deparser 'deparser': end
[07:21:59.356] [bmv2] [D] [thread 5888] [38.0] [cxt 0] Transmitting packet of size 203 out of port 0
[07:21:59.496] [bmv2] [D] [thread 5883] [39.0] [cxt 0] Processing packet received on port 1
[07:21:59.496] [bmv2] [D] [thread 5883] [39.0] [cxt 0] Parser 'parser': start
[07:21:59.496] [bmv2] [D] [thread 5883] [39.0] [cxt 0] Parser 'parser' entering state 'start'
[07:21:59.496] [bmv2] [D] [thread 5883] [39.0] [cxt 0] Extracting header 'ethernet'
[07:21:59.496] [bmv2] [D] [thread 5883] [39.0] [cxt 0] Parser state 'start': key is 86dd
[07:21:59.496] [bmv2] [T] [thread 5883] [39.0] [cxt 0] Bytes parsed: 14
[07:21:59.496] [bmv2] [T] [thread 5883] [39.0] [cxt 0] Skipping checksum 'cksum' verification because target field invalid
[07:21:59.496] [bmv2] [D] [thread 5883] [39.0] [cxt 0] Parser 'parser': end
[07:21:59.496] [bmv2] [D] [thread 5883] [39.0] [cxt 0] Pipeline 'ingress': start
[07:21:59.496] [bmv2] [T] [thread 5883] [39.0] [cxt 0] ip-source-guard.p4(147) Condition "hdr.ipv4.isValid()" (node_2) is false
[07:21:59.497] [bmv2] [D] [thread 5883] [39.0] [cxt 0] Pipeline 'ingress': end
[07:21:59.497] [bmv2] [D] [thread 5883] [39.0] [cxt 0] Egress port is 0
[07:21:59.497] [bmv2] [D] [thread 5884] [39.0] [cxt 0] Pipeline 'egress': start
[07:21:59.497] [bmv2] [D] [thread 5884] [39.0] [cxt 0] Pipeline 'egress': end
[07:21:59.497] [bmv2] [D] [thread 5884] [39.0] [cxt 0] Deparser 'deparser': start
[07:21:59.497] [bmv2] [T] [thread 5884] [39.0] [cxt 0] Skipping checksum 'cksum' update because condition not met
[07:21:59.497] [bmv2] [D] [thread 5884] [39.0] [cxt 0] Deparsing header 'ethernet'
[07:21:59.497] [bmv2] [D] [thread 5884] [39.0] [cxt 0] Deparser 'deparser': end
[07:21:59.497] [bmv2] [D] [thread 5888] [39.0] [cxt 0] Transmitting packet of size 203 out of port 0
[07:22:10.254] [bmv2] [D] [thread 5883] [40.0] [cxt 0] Processing packet received on port 1
[07:22:10.254] [bmv2] [D] [thread 5883] [40.0] [cxt 0] Parser 'parser': start
[07:22:10.254] [bmv2] [D] [thread 5883] [40.0] [cxt 0] Parser 'parser' entering state 'start'
[07:22:10.254] [bmv2] [D] [thread 5883] [40.0] [cxt 0] Extracting header 'ethernet'
[07:22:10.254] [bmv2] [D] [thread 5883] [40.0] [cxt 0] Parser state 'start': key is 0800
[07:22:10.254] [bmv2] [T] [thread 5883] [40.0] [cxt 0] Bytes parsed: 14
[07:22:10.254] [bmv2] [D] [thread 5883] [40.0] [cxt 0] Parser 'parser' entering state 'parse_ipv4'
[07:22:10.254] [bmv2] [D] [thread 5883] [40.0] [cxt 0] Extracting header 'ipv4'
[07:22:10.254] [bmv2] [D] [thread 5883] [40.0] [cxt 0] Parser state 'parse_ipv4': key is 06
[07:22:10.254] [bmv2] [T] [thread 5883] [40.0] [cxt 0] Bytes parsed: 34
[07:22:10.254] [bmv2] [D] [thread 5883] [40.0] [cxt 0] Verifying checksum 'cksum': true
[07:22:10.254] [bmv2] [D] [thread 5883] [40.0] [cxt 0] Parser 'parser': end
[07:22:10.254] [bmv2] [D] [thread 5883] [40.0] [cxt 0] Pipeline 'ingress': start
[07:22:10.254] [bmv2] [T] [thread 5883] [40.0] [cxt 0] ip-source-guard.p4(147) Condition "hdr.ipv4.isValid()" (node_2) is true
[07:22:10.254] [bmv2] [T] [thread 5883] [40.0] [cxt 0] ip-source-guard.p4(149) Condition "hdr.ipv4.srcAddr != 0" (node_3) is false
[07:22:10.254] [bmv2] [T] [thread 5883] [40.0] [cxt 0] ip-source-guard.p4(154) Condition "hdr.udp.isValid() && hdr.udp.srcPort == 68" (node_5) is false
[07:22:10.254] [bmv2] [T] [thread 5883] [40.0] [cxt 0] Applying table 'IngressProcess.nack_client'
[07:22:10.254] [bmv2] [D] [thread 5883] [40.0] [cxt 0] Looking up key:
* hdr.ethernet.srcAddr: 000000000101

[07:22:10.254] [bmv2] [D] [thread 5883] [40.0] [cxt 0] Table 'IngressProcess.nack_client': hit with handle 0
[07:22:10.254] [bmv2] [D] [thread 5883] [40.0] [cxt 0] Dumping entry 0
Match key:
* hdr.ethernet.srcAddr: LPM       000000000101/48
Action entry: IngressProcess.drop - 

[07:22:10.254] [bmv2] [D] [thread 5883] [40.0] [cxt 0] Action entry is IngressProcess.drop - 
[07:22:10.254] [bmv2] [T] [thread 5883] [40.0] [cxt 0] Action IngressProcess.drop
[07:22:10.254] [bmv2] [T] [thread 5883] [40.0] [cxt 0] ip-source-guard.p4(104) Primitive mark_to_drop()
[07:22:10.254] [bmv2] [D] [thread 5883] [40.0] [cxt 0] Pipeline 'ingress': end
[07:22:10.254] [bmv2] [D] [thread 5883] [40.0] [cxt 0] Egress port is 511
[07:22:10.254] [bmv2] [D] [thread 5883] [40.0] [cxt 0] Dropping packet at the end of ingress
[07:22:10.282] [bmv2] [D] [thread 5883] [41.0] [cxt 0] Processing packet received on port 1
[07:22:10.282] [bmv2] [D] [thread 5883] [41.0] [cxt 0] Parser 'parser': start
[07:22:10.282] [bmv2] [D] [thread 5883] [41.0] [cxt 0] Parser 'parser' entering state 'start'
[07:22:10.282] [bmv2] [D] [thread 5883] [41.0] [cxt 0] Extracting header 'ethernet'
[07:22:10.282] [bmv2] [D] [thread 5883] [41.0] [cxt 0] Parser state 'start': key is 0800
[07:22:10.282] [bmv2] [T] [thread 5883] [41.0] [cxt 0] Bytes parsed: 14
[07:22:10.282] [bmv2] [D] [thread 5883] [41.0] [cxt 0] Parser 'parser' entering state 'parse_ipv4'
[07:22:10.282] [bmv2] [D] [thread 5883] [41.0] [cxt 0] Extracting header 'ipv4'
[07:22:10.282] [bmv2] [D] [thread 5883] [41.0] [cxt 0] Parser state 'parse_ipv4': key is 11
[07:22:10.282] [bmv2] [T] [thread 5883] [41.0] [cxt 0] Bytes parsed: 34
[07:22:10.282] [bmv2] [D] [thread 5883] [41.0] [cxt 0] Parser 'parser' entering state 'parse_udp'
[07:22:10.282] [bmv2] [D] [thread 5883] [41.0] [cxt 0] Extracting header 'udp'
[07:22:10.282] [bmv2] [D] [thread 5883] [41.0] [cxt 0] Parser state 'parse_udp' has no switch, going to default next state
[07:22:10.282] [bmv2] [T] [thread 5883] [41.0] [cxt 0] Bytes parsed: 42
[07:22:10.282] [bmv2] [D] [thread 5883] [41.0] [cxt 0] Verifying checksum 'cksum': true
[07:22:10.282] [bmv2] [D] [thread 5883] [41.0] [cxt 0] Parser 'parser': end
[07:22:10.282] [bmv2] [D] [thread 5883] [41.0] [cxt 0] Pipeline 'ingress': start
[07:22:10.282] [bmv2] [T] [thread 5883] [41.0] [cxt 0] ip-source-guard.p4(147) Condition "hdr.ipv4.isValid()" (node_2) is true
[07:22:10.282] [bmv2] [T] [thread 5883] [41.0] [cxt 0] ip-source-guard.p4(149) Condition "hdr.ipv4.srcAddr != 0" (node_3) is false
[07:22:10.282] [bmv2] [T] [thread 5883] [41.0] [cxt 0] ip-source-guard.p4(154) Condition "hdr.udp.isValid() && hdr.udp.srcPort == 68" (node_5) is true
[07:22:10.282] [bmv2] [T] [thread 5883] [41.0] [cxt 0] Applying table 'IngressProcess.wait_client'
[07:22:10.282] [bmv2] [D] [thread 5883] [41.0] [cxt 0] Looking up key:
* hdr.ethernet.srcAddr: 000000000101

[07:22:10.282] [bmv2] [D] [thread 5883] [41.0] [cxt 0] Table 'IngressProcess.wait_client': hit with handle 0
[07:22:10.282] [bmv2] [D] [thread 5883] [41.0] [cxt 0] Dumping entry 0
Match key:
* hdr.ethernet.srcAddr: LPM       000000000101/48
Action entry: IngressProcess.pkt_fwd - 102,2,

[07:22:10.282] [bmv2] [D] [thread 5883] [41.0] [cxt 0] Action entry is IngressProcess.pkt_fwd - 102,2,
[07:22:10.282] [bmv2] [T] [thread 5883] [41.0] [cxt 0] Action IngressProcess.pkt_fwd
[07:22:10.282] [bmv2] [T] [thread 5883] [41.0] [cxt 0] ip-source-guard.p4(108) Primitive standard_metadata.egress_spec = port
[07:22:10.282] [bmv2] [T] [thread 5883] [41.0] [cxt 0] ip-source-guard.p4(109) Primitive hdr.ethernet.dstAddr = dstAddr
[07:22:10.282] [bmv2] [T] [thread 5883] [41.0] [cxt 0] ip-source-guard.p4(110) Primitive hdr.ipv4.ttl = hdr.ipv4.ttl - 1
[07:22:10.282] [bmv2] [D] [thread 5883] [41.0] [cxt 0] Pipeline 'ingress': end
[07:22:10.282] [bmv2] [D] [thread 5883] [41.0] [cxt 0] Egress port is 2
[07:22:10.283] [bmv2] [D] [thread 5886] [41.0] [cxt 0] Pipeline 'egress': start
[07:22:10.283] [bmv2] [D] [thread 5886] [41.0] [cxt 0] Pipeline 'egress': end
[07:22:10.283] [bmv2] [D] [thread 5886] [41.0] [cxt 0] Deparser 'deparser': start
[07:22:10.283] [bmv2] [D] [thread 5886] [41.0] [cxt 0] Updating checksum 'cksum'
[07:22:10.283] [bmv2] [D] [thread 5886] [41.0] [cxt 0] Deparsing header 'ethernet'
[07:22:10.283] [bmv2] [D] [thread 5886] [41.0] [cxt 0] Deparsing header 'ipv4'
[07:22:10.283] [bmv2] [D] [thread 5886] [41.0] [cxt 0] Deparsing header 'udp'
[07:22:10.283] [bmv2] [D] [thread 5886] [41.0] [cxt 0] Deparser 'deparser': end
[07:22:10.283] [bmv2] [D] [thread 5888] [41.0] [cxt 0] Transmitting packet of size 286 out of port 2
[07:22:10.328] [bmv2] [D] [thread 5883] [42.0] [cxt 0] Processing packet received on port 1
[07:22:10.328] [bmv2] [D] [thread 5883] [42.0] [cxt 0] Parser 'parser': start
[07:22:10.328] [bmv2] [D] [thread 5883] [42.0] [cxt 0] Parser 'parser' entering state 'start'
[07:22:10.328] [bmv2] [D] [thread 5883] [42.0] [cxt 0] Extracting header 'ethernet'
[07:22:10.328] [bmv2] [D] [thread 5883] [42.0] [cxt 0] Parser state 'start': key is 0800
[07:22:10.328] [bmv2] [T] [thread 5883] [42.0] [cxt 0] Bytes parsed: 14
[07:22:10.328] [bmv2] [D] [thread 5883] [42.0] [cxt 0] Parser 'parser' entering state 'parse_ipv4'
[07:22:10.328] [bmv2] [D] [thread 5883] [42.0] [cxt 0] Extracting header 'ipv4'
[07:22:10.328] [bmv2] [D] [thread 5883] [42.0] [cxt 0] Parser state 'parse_ipv4': key is 11
[07:22:10.328] [bmv2] [T] [thread 5883] [42.0] [cxt 0] Bytes parsed: 34
[07:22:10.328] [bmv2] [D] [thread 5883] [42.0] [cxt 0] Parser 'parser' entering state 'parse_udp'
[07:22:10.328] [bmv2] [D] [thread 5883] [42.0] [cxt 0] Extracting header 'udp'
[07:22:10.328] [bmv2] [D] [thread 5883] [42.0] [cxt 0] Parser state 'parse_udp' has no switch, going to default next state
[07:22:10.328] [bmv2] [T] [thread 5883] [42.0] [cxt 0] Bytes parsed: 42
[07:22:10.328] [bmv2] [D] [thread 5883] [42.0] [cxt 0] Verifying checksum 'cksum': true
[07:22:10.328] [bmv2] [D] [thread 5883] [42.0] [cxt 0] Parser 'parser': end
[07:22:10.328] [bmv2] [D] [thread 5883] [42.0] [cxt 0] Pipeline 'ingress': start
[07:22:10.328] [bmv2] [T] [thread 5883] [42.0] [cxt 0] ip-source-guard.p4(147) Condition "hdr.ipv4.isValid()" (node_2) is true
[07:22:10.328] [bmv2] [T] [thread 5883] [42.0] [cxt 0] ip-source-guard.p4(149) Condition "hdr.ipv4.srcAddr != 0" (node_3) is true
[07:22:10.328] [bmv2] [T] [thread 5883] [42.0] [cxt 0] Applying table 'IngressProcess.estd_client'
[07:22:10.328] [bmv2] [D] [thread 5883] [42.0] [cxt 0] Looking up key:
* hdr.ipv4.srcAddr    : 0a000101

[07:22:10.328] [bmv2] [D] [thread 5883] [42.0] [cxt 0] Table 'IngressProcess.estd_client': hit with handle 0
[07:22:10.328] [bmv2] [D] [thread 5883] [42.0] [cxt 0] Dumping entry 0
Match key:
* hdr.ipv4.srcAddr    : LPM       0a000101/32
Action entry: IngressProcess.pkt_fwd - 102,2,

[07:22:10.328] [bmv2] [D] [thread 5883] [42.0] [cxt 0] Action entry is IngressProcess.pkt_fwd - 102,2,
[07:22:10.328] [bmv2] [T] [thread 5883] [42.0] [cxt 0] Action IngressProcess.pkt_fwd
[07:22:10.328] [bmv2] [T] [thread 5883] [42.0] [cxt 0] ip-source-guard.p4(108) Primitive standard_metadata.egress_spec = port
[07:22:10.328] [bmv2] [T] [thread 5883] [42.0] [cxt 0] ip-source-guard.p4(109) Primitive hdr.ethernet.dstAddr = dstAddr
[07:22:10.328] [bmv2] [T] [thread 5883] [42.0] [cxt 0] ip-source-guard.p4(110) Primitive hdr.ipv4.ttl = hdr.ipv4.ttl - 1
[07:22:10.328] [bmv2] [D] [thread 5883] [42.0] [cxt 0] Pipeline 'ingress': end
[07:22:10.328] [bmv2] [D] [thread 5883] [42.0] [cxt 0] Egress port is 2
[07:22:10.329] [bmv2] [D] [thread 5886] [42.0] [cxt 0] Pipeline 'egress': start
[07:22:10.329] [bmv2] [D] [thread 5886] [42.0] [cxt 0] Pipeline 'egress': end
[07:22:10.329] [bmv2] [D] [thread 5886] [42.0] [cxt 0] Deparser 'deparser': start
[07:22:10.329] [bmv2] [D] [thread 5886] [42.0] [cxt 0] Updating checksum 'cksum'
[07:22:10.329] [bmv2] [D] [thread 5886] [42.0] [cxt 0] Deparsing header 'ethernet'
[07:22:10.329] [bmv2] [D] [thread 5886] [42.0] [cxt 0] Deparsing header 'ipv4'
[07:22:10.329] [bmv2] [D] [thread 5886] [42.0] [cxt 0] Deparsing header 'udp'
[07:22:10.329] [bmv2] [D] [thread 5886] [42.0] [cxt 0] Deparser 'deparser': end
[07:22:10.329] [bmv2] [D] [thread 5888] [42.0] [cxt 0] Transmitting packet of size 286 out of port 2
[07:22:10.350] [bmv2] [D] [thread 5883] [43.0] [cxt 0] Processing packet received on port 1
[07:22:10.350] [bmv2] [D] [thread 5883] [43.0] [cxt 0] Parser 'parser': start
[07:22:10.350] [bmv2] [D] [thread 5883] [43.0] [cxt 0] Parser 'parser' entering state 'start'
[07:22:10.350] [bmv2] [D] [thread 5883] [43.0] [cxt 0] Extracting header 'ethernet'
[07:22:10.350] [bmv2] [D] [thread 5883] [43.0] [cxt 0] Parser state 'start': key is 0800
[07:22:10.350] [bmv2] [T] [thread 5883] [43.0] [cxt 0] Bytes parsed: 14
[07:22:10.350] [bmv2] [D] [thread 5883] [43.0] [cxt 0] Parser 'parser' entering state 'parse_ipv4'
[07:22:10.350] [bmv2] [D] [thread 5883] [43.0] [cxt 0] Extracting header 'ipv4'
[07:22:10.350] [bmv2] [D] [thread 5883] [43.0] [cxt 0] Parser state 'parse_ipv4': key is 06
[07:22:10.350] [bmv2] [T] [thread 5883] [43.0] [cxt 0] Bytes parsed: 34
[07:22:10.350] [bmv2] [D] [thread 5883] [43.0] [cxt 0] Verifying checksum 'cksum': true
[07:22:10.350] [bmv2] [D] [thread 5883] [43.0] [cxt 0] Parser 'parser': end
[07:22:10.350] [bmv2] [D] [thread 5883] [43.0] [cxt 0] Pipeline 'ingress': start
[07:22:10.350] [bmv2] [T] [thread 5883] [43.0] [cxt 0] ip-source-guard.p4(147) Condition "hdr.ipv4.isValid()" (node_2) is true
[07:22:10.350] [bmv2] [T] [thread 5883] [43.0] [cxt 0] ip-source-guard.p4(149) Condition "hdr.ipv4.srcAddr != 0" (node_3) is true
[07:22:10.350] [bmv2] [T] [thread 5883] [43.0] [cxt 0] Applying table 'IngressProcess.estd_client'
[07:22:10.350] [bmv2] [D] [thread 5883] [43.0] [cxt 0] Looking up key:
* hdr.ipv4.srcAddr    : 0a000101

[07:22:10.350] [bmv2] [D] [thread 5883] [43.0] [cxt 0] Table 'IngressProcess.estd_client': hit with handle 0
[07:22:10.350] [bmv2] [D] [thread 5883] [43.0] [cxt 0] Dumping entry 0
Match key:
* hdr.ipv4.srcAddr    : LPM       0a000101/32
Action entry: IngressProcess.pkt_fwd - 102,2,

[07:22:10.350] [bmv2] [D] [thread 5883] [43.0] [cxt 0] Action entry is IngressProcess.pkt_fwd - 102,2,
[07:22:10.350] [bmv2] [T] [thread 5883] [43.0] [cxt 0] Action IngressProcess.pkt_fwd
[07:22:10.350] [bmv2] [T] [thread 5883] [43.0] [cxt 0] ip-source-guard.p4(108) Primitive standard_metadata.egress_spec = port
[07:22:10.350] [bmv2] [T] [thread 5883] [43.0] [cxt 0] ip-source-guard.p4(109) Primitive hdr.ethernet.dstAddr = dstAddr
[07:22:10.350] [bmv2] [T] [thread 5883] [43.0] [cxt 0] ip-source-guard.p4(110) Primitive hdr.ipv4.ttl = hdr.ipv4.ttl - 1
[07:22:10.350] [bmv2] [D] [thread 5883] [43.0] [cxt 0] Pipeline 'ingress': end
[07:22:10.350] [bmv2] [D] [thread 5883] [43.0] [cxt 0] Egress port is 2
[07:22:10.350] [bmv2] [D] [thread 5886] [43.0] [cxt 0] Pipeline 'egress': start
[07:22:10.350] [bmv2] [D] [thread 5886] [43.0] [cxt 0] Pipeline 'egress': end
[07:22:10.350] [bmv2] [D] [thread 5886] [43.0] [cxt 0] Deparser 'deparser': start
[07:22:10.350] [bmv2] [D] [thread 5886] [43.0] [cxt 0] Updating checksum 'cksum'
[07:22:10.350] [bmv2] [D] [thread 5886] [43.0] [cxt 0] Deparsing header 'ethernet'
[07:22:10.350] [bmv2] [D] [thread 5886] [43.0] [cxt 0] Deparsing header 'ipv4'
[07:22:10.350] [bmv2] [D] [thread 5886] [43.0] [cxt 0] Deparser 'deparser': end
[07:22:10.350] [bmv2] [D] [thread 5888] [43.0] [cxt 0] Transmitting packet of size 54 out of port 2
[07:22:10.374] [bmv2] [D] [thread 5883] [44.0] [cxt 0] Processing packet received on port 1
[07:22:10.374] [bmv2] [D] [thread 5883] [44.0] [cxt 0] Parser 'parser': start
[07:22:10.374] [bmv2] [D] [thread 5883] [44.0] [cxt 0] Parser 'parser' entering state 'start'
[07:22:10.374] [bmv2] [D] [thread 5883] [44.0] [cxt 0] Extracting header 'ethernet'
[07:22:10.374] [bmv2] [D] [thread 5883] [44.0] [cxt 0] Parser state 'start': key is 0800
[07:22:10.374] [bmv2] [T] [thread 5883] [44.0] [cxt 0] Bytes parsed: 14
[07:22:10.374] [bmv2] [D] [thread 5883] [44.0] [cxt 0] Parser 'parser' entering state 'parse_ipv4'
[07:22:10.374] [bmv2] [D] [thread 5883] [44.0] [cxt 0] Extracting header 'ipv4'
[07:22:10.374] [bmv2] [D] [thread 5883] [44.0] [cxt 0] Parser state 'parse_ipv4': key is 06
[07:22:10.374] [bmv2] [T] [thread 5883] [44.0] [cxt 0] Bytes parsed: 34
[07:22:10.374] [bmv2] [D] [thread 5883] [44.0] [cxt 0] Verifying checksum 'cksum': true
[07:22:10.374] [bmv2] [D] [thread 5883] [44.0] [cxt 0] Parser 'parser': end
[07:22:10.374] [bmv2] [D] [thread 5883] [44.0] [cxt 0] Pipeline 'ingress': start
[07:22:10.374] [bmv2] [T] [thread 5883] [44.0] [cxt 0] ip-source-guard.p4(147) Condition "hdr.ipv4.isValid()" (node_2) is true
[07:22:10.374] [bmv2] [T] [thread 5883] [44.0] [cxt 0] ip-source-guard.p4(149) Condition "hdr.ipv4.srcAddr != 0" (node_3) is true
[07:22:10.374] [bmv2] [T] [thread 5883] [44.0] [cxt 0] Applying table 'IngressProcess.estd_client'
[07:22:10.374] [bmv2] [D] [thread 5883] [44.0] [cxt 0] Looking up key:
* hdr.ipv4.srcAddr    : 0a000103

[07:22:10.374] [bmv2] [D] [thread 5883] [44.0] [cxt 0] Table 'IngressProcess.estd_client': miss
[07:22:10.374] [bmv2] [D] [thread 5883] [44.0] [cxt 0] Action entry is IngressProcess.drop - 
[07:22:10.374] [bmv2] [T] [thread 5883] [44.0] [cxt 0] Action IngressProcess.drop
[07:22:10.374] [bmv2] [T] [thread 5883] [44.0] [cxt 0] ip-source-guard.p4(104) Primitive mark_to_drop()
[07:22:10.374] [bmv2] [D] [thread 5883] [44.0] [cxt 0] Pipeline 'ingress': end
[07:22:10.374] [bmv2] [D] [thread 5883] [44.0] [cxt 0] Egress port is 511
[07:22:10.374] [bmv2] [D] [thread 5883] [44.0] [cxt 0] Dropping packet at the end of ingress
[07:22:15.357] [bmv2] [D] [thread 5883] [45.0] [cxt 0] Processing packet received on port 2
[07:22:15.358] [bmv2] [D] [thread 5883] [45.0] [cxt 0] Parser 'parser': start
[07:22:15.358] [bmv2] [D] [thread 5883] [45.0] [cxt 0] Parser 'parser' entering state 'start'
[07:22:15.358] [bmv2] [D] [thread 5883] [45.0] [cxt 0] Extracting header 'ethernet'
[07:22:15.358] [bmv2] [D] [thread 5883] [45.0] [cxt 0] Parser state 'start': key is 86dd
[07:22:15.358] [bmv2] [T] [thread 5883] [45.0] [cxt 0] Bytes parsed: 14
[07:22:15.358] [bmv2] [T] [thread 5883] [45.0] [cxt 0] Skipping checksum 'cksum' verification because target field invalid
[07:22:15.358] [bmv2] [D] [thread 5883] [45.0] [cxt 0] Parser 'parser': end
[07:22:15.358] [bmv2] [D] [thread 5883] [45.0] [cxt 0] Pipeline 'ingress': start
[07:22:15.358] [bmv2] [T] [thread 5883] [45.0] [cxt 0] ip-source-guard.p4(147) Condition "hdr.ipv4.isValid()" (node_2) is false
[07:22:15.358] [bmv2] [D] [thread 5883] [45.0] [cxt 0] Pipeline 'ingress': end
[07:22:15.358] [bmv2] [D] [thread 5883] [45.0] [cxt 0] Egress port is 0
[07:22:15.358] [bmv2] [D] [thread 5884] [45.0] [cxt 0] Pipeline 'egress': start
[07:22:15.358] [bmv2] [D] [thread 5884] [45.0] [cxt 0] Pipeline 'egress': end
[07:22:15.358] [bmv2] [D] [thread 5884] [45.0] [cxt 0] Deparser 'deparser': start
[07:22:15.358] [bmv2] [T] [thread 5884] [45.0] [cxt 0] Skipping checksum 'cksum' update because condition not met
[07:22:15.358] [bmv2] [D] [thread 5884] [45.0] [cxt 0] Deparsing header 'ethernet'
[07:22:15.358] [bmv2] [D] [thread 5884] [45.0] [cxt 0] Deparser 'deparser': end
[07:22:15.358] [bmv2] [D] [thread 5888] [45.0] [cxt 0] Transmitting packet of size 203 out of port 0
[07:22:15.498] [bmv2] [D] [thread 5883] [46.0] [cxt 0] Processing packet received on port 1
[07:22:15.498] [bmv2] [D] [thread 5883] [46.0] [cxt 0] Parser 'parser': start
[07:22:15.498] [bmv2] [D] [thread 5883] [46.0] [cxt 0] Parser 'parser' entering state 'start'
[07:22:15.498] [bmv2] [D] [thread 5883] [46.0] [cxt 0] Extracting header 'ethernet'
[07:22:15.498] [bmv2] [D] [thread 5883] [46.0] [cxt 0] Parser state 'start': key is 86dd
[07:22:15.498] [bmv2] [T] [thread 5883] [46.0] [cxt 0] Bytes parsed: 14
[07:22:15.498] [bmv2] [T] [thread 5883] [46.0] [cxt 0] Skipping checksum 'cksum' verification because target field invalid
[07:22:15.498] [bmv2] [D] [thread 5883] [46.0] [cxt 0] Parser 'parser': end
[07:22:15.498] [bmv2] [D] [thread 5883] [46.0] [cxt 0] Pipeline 'ingress': start
[07:22:15.498] [bmv2] [T] [thread 5883] [46.0] [cxt 0] ip-source-guard.p4(147) Condition "hdr.ipv4.isValid()" (node_2) is false
[07:22:15.498] [bmv2] [D] [thread 5883] [46.0] [cxt 0] Pipeline 'ingress': end
[07:22:15.498] [bmv2] [D] [thread 5883] [46.0] [cxt 0] Egress port is 0
[07:22:15.498] [bmv2] [D] [thread 5884] [46.0] [cxt 0] Pipeline 'egress': start
[07:22:15.498] [bmv2] [D] [thread 5884] [46.0] [cxt 0] Pipeline 'egress': end
[07:22:15.498] [bmv2] [D] [thread 5884] [46.0] [cxt 0] Deparser 'deparser': start
[07:22:15.498] [bmv2] [T] [thread 5884] [46.0] [cxt 0] Skipping checksum 'cksum' update because condition not met
[07:22:15.498] [bmv2] [D] [thread 5884] [46.0] [cxt 0] Deparsing header 'ethernet'
[07:22:15.498] [bmv2] [D] [thread 5884] [46.0] [cxt 0] Deparser 'deparser': end
[07:22:15.498] [bmv2] [D] [thread 5888] [46.0] [cxt 0] Transmitting packet of size 203 out of port 0
